s90cmnbnbat0se_n99riscsed110na_7_01edc}D}0n7naFnafb811aDmt9U1
_cT6}rnsnic9e8{m1sadbe8c1e7msm9f7n1m7ab91n801ac804ab0D0149}Us
3aeesTCan0_n0tst8U7macacn_81sr01mmDTs}1{cdd}fb9bbm3nsa7ramU81
}sc800a8s1em{}9Dfnftr16a_7cTnia9TDnmcsn01b_nrsfUna}43maF9de9n
0m9_cmmranT{n11esnU0ddd_0nn8a8a141Usc}1nsa38bmns1bs9rnac1aD10
Cc}Fc81n3tn381_s0mnea8nT1stUra_11n99md011n791a8Tbnd_n_1r19mn7
ss1n}1e8ainnd9c__dan}8n8}m1ardF_staFbT8c_d9mst960fUeCs1can7s7
atden}s8sam0dea6ae_n_8fse9aTr0m0_s113C7n}b7mcFdrT1nDnUnanb8nn
isd_79nnC49Usmct8rnmr1a10m0Cbrm9ssc687efC1Ds7DTaa1saea1nbUF}a
}DU1mT1e9aaC6c}rsn9sbn9sc1708D1nanadt{T_0card8713_a_ame4sesa0
a09de1an17Dt130nas}b00{nma_T6nts7ss8T3dUdan9mdc1se1c9namD0re1
{tTsb_67a1sbaa0Fcm9f1d1m0dUma}edUmbieCdrasann9mrn1101Dm608_s1
sne}aUsmTse7cc79b{{s11Um1dnmtn_60mTs8r79_aa10nFsT8ra8D9sDbs96
stfbc9CndT?sb7sm0_81s_namndm9n18e_rb1n?DtUc06d{a9nTa1s1mam}tb
0sb3rcaac0mesDme47t7a0cns}a8bceaUmb{}6r9sT0}an1s69abC17an4D3T
6Fa_se_ds0}0na9Cff3m9n}_140n1amr6sdaen09s{dD91s1b86ddmnbUmmn1
7an8sd1d4sneU_fa%m7rsi_Fnat9teac11%0mc?ssemUe}1decnbcsC9D81am
feaCa7T0mm8esUDT{n_d9_6879naTr0014dd6{nanma8a7snnm1se}0s11074
3i1779b6ana}s08Tnand9%m1a7ae1mF9desC8tbnsbU1c_n{cc0Dmt4_ar_cU
7nnbaU37c?sDTn4as0ea%08sfban0caTme100csr}sdcae8UDds130md8an0C
nbD?ms1msrcmc0e1{d8ds9sc30nU_89ds}nn071dnna}mt480aad_0aaibnai
8ds73s1snsmU{sns9Ca_m9r033and{6_}ae6ab9r}cD8U4nnatmed?1e37_7b
sdcctc3bc{m1barD_e0c0a}0d9Fac04?snnU1_am_aTbf_98mnbnnd06_0ss9
8m{m0fe_7%d9nb79san9s8ia?1n0tsn9D1s0b6amdeacs1e}}14sc1U}raaa3
_F_t8f?}c_d7n8d0as071eC47tscadan{tsa111c0e_rsnnDUnssambd6abm6
t_aD0Tn8smsF%1e0Um11}fd1_d6c9sainb10c}rmdrae1U0rnfin81sacD7aa
1amr0441a8sds_}096nds791}d8UnTmbsmata6c1n9b{6dniba7idcD80n37a
nntFstnaC78ma7%a0me0{93T96aecnm3sbU0sbe81d}s9_9dfr81m981a19D_
8sst_}n9t9_n1cn0cd10are8c1a_dnrnnmaaea0mdcU_9am700s}c6nsr9dbe
n1a}8cb_U89ra}7T_a}n7s401mcmf%sbsn90d0frs1t9{a93cn3ndeas1D16c
}1Dn_e1banmsta}m_7s6CsdUmn_180d03Cna9srFdCcna_4a{c810_n7a9rae
9c1amdTnr%0a3dFC07eadDes3{7mU8_9mUfcsm1ac8na19_r60n}ss9m88c3a
117s8tndcc960d_ab{eefa3FD78rm9ca_c0am91bad11T_sf7_n?sn8__U}c4
a_a8nn0ebm}T}Un1bm4mmb_sf7am1m118s9eDc4dn6CUtact9adb1nTd_8srr
a_U91CT6e60nsUsc1marmn_tm}98nsita8fd1taeDbc1c98mdaf_iss_n7r0_
a71mUt_caCsaen4678_e_a0sDrsfdm}198ssn0%F0dm7311r10s3mbf1cbaeT
78%}c7eDbm1dmDa_dcmta39sdeTm0cn8bem01cbnsUa0a9nC?r1}sr9a7aiTs
CseeU1ascrda_nmadtn9snmnecmD17mbs{ndatb6sd9dsscc1tsr0}7Teia}3
d_70_fda001ma0}cbdeDTd4nirsd8aDs0anTc1419smmnUma18cna1abn9sb6
6m01Uncs0c?aTdmbma{e9da{d41teiC97DamaUd1n9n1s_}ssnr7}1DnaT0_8
d14na0nd_Usas87Dc_eb0m7ddm1bn8n1am1aecd66s1a}eniaCsmrT8ntbc{C
7eDb7a1smFs0Ds1bb1n_9iar3e16nn1U10d_d8dr?99fc1tm}T41n0sa}mm09
101cr6CdaUcn_T1abds0r%n_91ntt7bb1mes9s8{cdeTas6nr7}d8nsardncc
m1aDc_as{neaDmcn0bs040d}c7nm}aacF9%rb9Ue61ca4Tn{ta8drds1e3atc
1tm1dTsbsanDa3mbCeens0%s6a89fn1_r9nns31cUcds0a}rm0c9e0efd9?aT
dcdmsn3_Dc8nfmC3raedfa4_r041aDb3a9_nc07}7aresst0sdDmsU}9Tsn?c
8ee}ee_d{bm1rt_ms0cm78a401s}__rnadUdsUafT0ms6at10es9na1}nC1aD
amsaU4nsa_bf}T}F}amcbCd9_0eF}D04n1dmdan_%nsb137tr1n{ssa6U1cde
TCe?a7aCdam0ndnm7m94}ftss01cst1nsrac1U%dan__s4a0n9bfd}7mrF8f{
4}fm{d9c03}n7dUmbn4fcd8n1a?m0sea{d_8UsrrCaaDs8m71dssa7sU}nast
c1Usabd}t{U_dab}mrfdD1a1d9nae078Cnf711s_1sn8s0cbcma08%6sn8U_1
D0cnf1dt89m9Carnn833nTFU1cmn}b1b8smna0mcnda0_dmcr9sa1UeUsas1a
aU69ec00Fmd7nTacbFc8s{398m_na7}}ss_Dc7dsfc10fma1a1T707a0a1}r8
F9T1ncnsmt_nTcd7_ss}08rsafU_crf64mnd7cnamaUc0mdsrT}aD8D1mdi01
smra?tae07a6ce1a8ms1cDf}%a_basd97FU7}%1%bn1cfn?8dm0d8s}saCmn1
ssFe_m{_saD_?sssm8cn8nnd1}771}a1694daact}U?f1aa9bnUcbrUmtndna
md9}nsdsscTn6afa}973aUf7dTbs8cUnd0e{c8dDacm?s1C0rss0amta10s3n
d71FnUDmc1m111Ua4}_9tdnsc7msbfaTd_0n{nbUbcr86TiDrdstnn1{aa718
dt6n1}raanet3m_cn_dar7s3s41U?9aT6s1s_dd6Das_0cn0nCcs8n88}ba1}
iaF7C83_rsn6tD18naammdmsnnU9sas{81rsnf9}}e0F80m1b1cd4Uncs9d3d
maa8Dt9dm1nnai6eT4711abbbrf7T{Ces1b8_U}nDm_dc%a368_9i91sacc8?
nm80nsriDfc%Td1sT11aee_a97ca17e9tm6a{}d8sa48D97m_C1sadca91U40
d47m}89nd{de{ac1cana018rsT_%D8n1nt__a_T0dba86ner7aCd69mbfUd0_
mb}7tden0rm0mc1Uamaacfds89a0c_U0{b7D_s0dmCrse1_T8ea1}9Ftc}csC
8TCds7em}fdi7tsbca7_a81saasTrDde{m8?nmnn_na1dU8tme1rsna3D1181
67bdsfT08709fcd91dfmr1ntD}9Uansa68_mmnea839}811saam_t?cbcasnd
sD7mrT469scn98UaFbm7ssm_}n0cs1drt0aan1f0%70a1Cdsm4_becn80D_ad
ce0baD{c161ntabmb}ssd7mem0dsa710Te_9ss0UsaT9tdcmr_ann7171r9nT
01}17fTmDT_ns80tr0sCU19a%1f1a8rT_9a}1ds3s9n_rFcaFD{neni7enn6s
1__Fb1c9Usrs}4afc_asa1darmnDTdent}bn?1baca7_fmet6se%3?U{smnn9
n86{4c}99CitssaU33m0CDbmcaFmne1ae7901ardca1s91nUD}ned_8bm0f9n
n8eTsabsUmnara1}cFe1fer9f6sbDt0m9C_?dDd7nnU%1n}0Daai{m8a07_7s
cad73a{sF1f6Tnnes3d7997aacd80n7m_emamdnfc4_m6}ss{bs}1eU40tnr1
{m0a7_d03fsns0d01{1n8aadc9nmFdtUtcs1nre}%acaDra1D63s1Fn1cCsam
c0mDnd7aUs1bss}8cn?1dabT{00b}ncaCs879nab6se_1m1FsDta79nTd{rcd
Ccnrdc_amnsbefd}?b1mi8{s}7a_emnmnb0s19t3anra}a1T089_7naUrc1ns
dTd_F10}c00iam1a%i7s{U719aernDbnCf81t7r3cam3tam06d7fb1_d8s91}
1s1Usm1U0nbnad?6_t9sc7%c1ms9Tn0aeas8dan8aa1FU_3910s8C{rdrs1de
a1i7d88snadbr1Dncna0C8_6940{m}fcmU3aa9i10cD}n71mm_11s_ncsemT8
canemc{0mrr8s8}1aa1snsn}sd70fUUnsd9mb1DnTaas4__n%91s1?e0117tc
}8css7_0}ta_m{4nUc14nsea_ab9dDs}mr9sCesnd0edcnm8emda1dfc17n}r
ndd7da3nemm1c96sDUn41C}sb9b8{}Tdeed30srnamTFn1n}1s919ceacU{8d
ssara08dbna?6Dn_%mUn81t0c191C94DUebcf17nn_1ta3s_9s1msbe3s}sdT
naa}9nn7ds093Dt06sn8s9DbcbT07m1e1csanUdUTm1rs}01mCt{1d4ddcmbe
Ctes0nd19r147n1Uan09enU_{ssfc10ad87nb}8sm1asmmnma9nUc1Drcn}ba
e0s7faTn4cn1mtb9__a7em98seat73dnC4}dae8dn9{0e1Dsnc0n1aDcd_U13
U7cade14d0}n1fds4b_83a9a9asrmTm1f0mm7rrscs1bCsUDste9n8ran1cFa
7Fd9mms7b1__s_b6mc{e0fi7matsbeT1tDnsT0a88_%1UaUD}rs0ds9aba_s{
}9ncc}rdmsUatc__0i_ea1Da_faen3n1sc{{arDd9nanm68mmTb90Cssns}7a
10_1niCts0dafn_e19d7b9ec}acD8nab41c3sa9mUsn_ndb_}r{sF0dat0%m0
bmcD9n9ar90d9{csb30}UeC81c9d6aDmF_s3ms7ea0b?nmt4dns6aa14s1s7c
e%4fUn1s8}C_n_mUacd_7crsbrnar6sn9seb0{ecm1be9adb8aas891mD8nc9
safnDC17c1tDsCed{baC}cmn6?dsUan_8}ds9tmUriai1nnn1s719ea1s7a13
m_3cs1nt90007rmddbT68fscbe99aa099r4st61db06ns}8D8raUc7}1daDUn
nesa_afsUF{esT7a0_d?mr1183mc4_41ft70dsa7n}Fm1}9dcbfsnan1D90ca
}ss1bm1tmaibanD0da9a4_n6rbd}bd}dcc0sd78eUaT9UsnsC8reca9e%sdn7
1TDbs0r_denb}nn1cceF7cm17n9dCsU0adt88ssanecn4a}mem?{Fat_1_%nD
sebaUt78D_C00ac3F10aFmad6111T}0mn_TfTsincdrdatr1Dsansn81r11fc
sn4a8nt1n83asnsdc7ra0cmes0dUs70n1bd{_9ed}s81ca_erm}09{T1inm1T
sUnT8anDtmDce1s9nbb1naT9t9nc_t__m}fmsmr3n{s4es19dar0s6Fd7dsf4
snaa1tnf4cmstddn9s?4116aU{7a01sb8sem7dUa09b}}DT1nd88T1}drCnea
6c71darsan9{nfs8cb{becTmm0ns8Ta9mmUe80ncad1dasne7Us4td}c_a1de
c{m14n4c_assc8a6m1rDr8Ua018c0r0_8dffdms131nsmtCtsnn_T0DTd8{}9
sDca9mU{U7%3tf78me1adt1nnanD1}%}desin_ra}?_m}0_ca9ab0n188ddaT
3esn_mm_{}T6nsd7dr1af1D1t?F11nTasaaacs0cect1UDba9inccam8nnm}d
endd6rad%n}d88cFU7s80T9ssntaD8rmsm1n11feanm{m0a9s1atan3Cb3ern
tc}b70Fa19t11c8asbnTsant08asnm0msd30nCaeU6sdmn_1}1rcsaiesandm
cm8}d999earsbncDnsrncssnm70eeC89n11aesaat8r_d_1UdD6a0{0nmb?0f
e3TUst11t780anbd169bs}6_1c9_dc8aDsns?rf_DansmiaT}min0a1c43mad
a_84{d9s8b1tCe1m9b1mfnt8nU1d0nif1caa1d0a48ndU1sDc}T61c9r79nss
md_0nmns0Uan}}{9a30}1e98br9rDt4b7ta0dd8%snmt6cTdsT?7Ta0}6_1dc
eaa0Dcda16sa1bdm8n0Frsr1U_cc9mcds4Ts}smb9fds9baC1m37e3a1bmU_c
T?14asTrdm81nt7s87{aactr_0afCmmUb1s83d84d06m}_7n1s90nD}in8sdT
m7_s9_s1nb1rdcmr_3nf0}ncs477}1am_nCU3eanTsfbat0em6Cma{mU7t001
ebsd81_0s9bf}da}9ecmDccamn08md_araaUCamsd37_T1n1n6bt0mensaa91
94smr1m0_a0nfe9_taad1d60?ab11Udm1ne8Tn1aTDT}ditn}{rnsbss_m161
0dme08daacC91nfsm7781rs9nTdDb}_d9_e799s1saTDs0nat6tU}0{d1}_6_
_d918sdT9}_aamt31ca0Da_bbUd0ssr1m1a%m}sn1t9Tr9e7sn_nTm6Cnass1
aadbbaTma3ncse0fd1b0C916ss1n1emt0_Uc1m1nm?ne37}t7d9t_7{rd8cDc
d9U19efm71Ds}4881dsmbaC{s0aDafc_nT78c1artbTes8n3f9dta7_9a_1d}
fcb3cDs78r0U11n9n1mFDt0trsnnmrF}7}dnTaa1fb0CTr{3}b9tssFme0nm9
emrUm9aannf8am3_73m1}csn8b6t1_b970Tds4cn3b_m81D0TcUnsd0a9aads
_b}DCdsan%_Fnat8{r90_9acn0em018s717ndst_c1ar1Ustet1cm{1cm0e8a
bs836snFnfar}e70{1n14TU9atncsn_amnm8C1tUa9i1s70bdmmD_a1d1abcd
Tbn88cDfma1cd_en0Dd3tFna}cUtssns{a0r191s11ne1d}t4bFC4msma8T1m
btan{_98dts807dnb1n431mcsnrr6nn1U%b8m}emceds_a1FTs9%}s?8Dc906
1e4e__s4td18acns0TF1n07Umn7smdm9amacs6}U_T1}1cbaf_1arnr0{D088
{b9rmsTfmCTe0s0d0}bcsd8Dn1arfD1cma1bicssa1ctm_r7sta9nn3cfaUde
81sUaasdsbri}8c10ssb_Db19aanefr7dn11Taas_41_01n9rceTcDt?}U067
mDarram1c3naa8Ttm6Ds_aTs9nd0_nnbem7}dsmt_{?tac109}s181aUsc_%s
cff0s}tU0ess1FdDamn}ms17mrrebsna038Ca64{6nd71d19s_s0TTntfF90a
1}nUesCbm8ms0actnsbadmd1f841s7078nU_6n7s96_6a8cTa90%r39i11mdc
10a9emmr3s}d9d%e1Ue81ttsnC8mc_bnDda1061{nncbntbcsa}Drsmcnar_e
8a_8}6e7d0c0tcd0cnFCd?90m93U14t{mc01naedDmi_}anndas8Ds16tbc%e
_t7n8aa4adaUdr94Ds08n317me1}Ta_7%{c8f9m}eebnsD0?Cc88madt6n}se
nfdaca4d}nTs08rUm19Tss1emc7ranmam}aat1?Ds%Fb9Um1}nF8s_1%0dn13
mc_11cs4m}d8U1CaDd6rn}}97ta_edssnD8ai1r0m6041aar9TTbm81{9ec7_
mntfci09naCnas{em}}aDnt0s1mU1bc9bnafa7_6c889cd_nma3dfrnasd0fs
9{as40Da8mbsa7aFTTn9ccicrfen9caUc}aDn7?6ms438naC_cn87}et1fabn
sm9TaUdca1anrDmdm}9F7ssc?s1c_cnas3_tn7c}8%sna_F9rDDa8d00dmbUn
9ab}Um0siam8D11fcrmdn7d79%1sddbscnU1st}ba40t89erTsanc8s6e0tCa
1s}accnce1rUm9mcF1nsC9dst7f_nstif3a0dr48nne7C_m_c1act}m3n8ba0
m}cm7can1at98ns8tsbac4m}eUDcs98cdd6frbbDna_80r1Ta090__tm1cfT_
T?aftamfsbe04men{9d}s10snFd_enTF9s06s_D119}ta8_rUcm8fmna7778T
sTc9sb0e681amaatCsrn9d1masd94na1arntbe_109nmU}_n4cbd77r1e0sca
{UU1Tanndc_}naT{7_01me0CaU91_sta_T0s0D?s%419Csmd8r971tbrma1cb
87bacmeDc1d7_aTn8d?99baUsrU9c13e?se4687n{dnsa_FTTnf}n91dmb_Cc
stbnmcaae?{19b1t1ened0Da0mUa7}nc8a8mDs88Fbb7987a1sd1Can9t0rss
0rf}8s_sr8anedtnaies1aa_bcmU}_Um1ea4sn0cnf_m77e0nDn7ad9n9D1{d
nsc7TUb3nUr0Ts_sm78fCacm8_bmt0t1dn194cdDsaa1T09ca7Dm09U16cns7
aD7F4F7rdfammsd80sUmd3f}1a1cn0ban}8re1at9nd01nmnc}9?_sCns6}b7
}7e1009as%b6nnD}endT10s0mnbn9tdU07m9cr_C8anasia8mdcd3_a_ss}mr
0r}c7s9cad7m1n9n1s1e_e14sbDCad8a8tbmm_aaD1csn81m_{mcnsTrd1{U0
nd%311cr7d_aem}a3Fd8a0b1atFcbm{Ua18bC1s60fse0df1s14sant7}T7mn
f_rd9cd7as9443s8}a9dnaenae4UT00_snncf6r1}Cabc17nb__7D1e1b{mta
UdTm}0dai1D1C48fc3_c_msmsnm7sdb7c40inn0sae{n_030aatd9ce%r1aDc
0mmn67Fnbdd871cdee}ete_s7rdnT}f1%C0a3nc8aTsm0ccn}8TrU8Dases1i
dm9n1_b1casarn?8Uf16a}_nT00dmnna7anfs07s8U71craFn1}1d8m369c40
as8dsm3a1}smcUTfUcD891}D9nf9__b4cr06_m_}Fadam10dsan31an7dtrtn
cerdDsCs7FU9sfb9a7T6eFn3nns1b149taUD}a_acn18cms88b1n907c1s{ed
amt49sd7fs0ncsrsc_a079sd18n1m_b1m9f08111ct40snbnn}camT?dabUa}
sdin_UaFnerr4Csnm}smc1091t7af0aTc1s3anan7sdn1%6ncmf81nnabe8b_
s3n10a9t1_rnC6na8cc13TUdam71n_8UcTmDc7bbcr0tf9818a9dDs7aicdba
m?tb1Tnc{dcm7fsadas4s}s_7as97C86d11at_1Cnd0311saabF}tDn1U_mnc
1Dt_Ucdnre113ab8nnres%aa09}Ff0Uc1m{1n8tsdC9d3mm_acmacassninc0
r9mmeFn4f0tTm9b8s1}_e7sndasn_nasdCsabc97cDn3a?1Uc_1a4ntrm1cTa
d01De8UnTtsU{0nd0at98bb4a7_ed1_9msCmdc%teraTnsasnna8r6sr%D17c
dm18an%0nms{bdsm1_}1U7fUncd61ea3c7st08aDmnb__3Ccn_74Taca08ndr
anm4Dbr3aUCc1s61cmd8e0_n8_c4_af19sDn9d87dasabma_d8c1_st7amm}0
99nndsa?deT1T_6sc0D73mabUfcmU0c0Dt}1n1d_nsmmsrcsn1tds1edUa_d8
71mbCsnn7U1bn4e_m3T0b_brU1cT0nsn?f8c6mnr_}sseasUmdnmD}a774a7d
nUama0an8C{T3_4D030nc18fa}783ssd{1Ccraa9scbD1T30ns6am1_?deDen
m1Dm7acb1tdsrr_ffe}CrsbT6sae9b7cna7UD%_0ef1_}tn98m91Ud9sns3sa
0isca0fsdcnacmm}Cc7_r9Ua1nsb_0m7s8?bDsaec8Umb7ef17Te8bbt8s_63
8d07UT401aC4%s1{}sm410s_a}rUsba6ntnism}nsm9n%0ne3a8c90a98bdct
i}c4nmcUn_}{m4t0ad09rm8sr}fDnDU_d4Tas9s0_tF3s?1e0_an68nmbdbna
tadadff0nCa}cD7a1n0f1nTn{?a_ssCs8b9U40m371_r6at1e7nism8smsmmb
etm48dD8_caT1sc1011UmmD_Tsn7n}_9C9_9ac}s{a10nfaedf71cnnbraTsD
7sc3{a1ma9annsa_db_F00acmrDT898fT70s_70mnd1n7Dr4ccm16fi}?{U8C
0dTsan_}b18e0nm1U1e9f1aa4rad1c80sc0nar}1scm_tnd9n3nst06C1d71t
}7c_issafnUndesabcssms_n30tcs1_c0}at9b1d1c3am6?aD83DUd1r9C8_t
Fadmt0a8a8D}8sC}scm0_9_cimcsT9ns1D4drTf7Ufss1an93abnn10m100De
7ns9d_0nae1tnt17amcdac0sT03Fm7aD_n08ca9eC1{7DUsmssabd{_r}_s1s
86c4Tm1sdnnm_9?a4c8a30nTet0?c_CDrm0tmf81d8a1Dar0adnUs1tcmasn6
3mmmsd0%0s3s11_Dcs9n1adbeD9ens8mas8ed}1}rds4UnnfraCma_7a{6t7s
a_0sDe6sme9r1assm1fnmm_31s8ncams}e1}sndbdc8Cae88T0adc}1ennUca
D0a807rm_nsfbe}T86dmmmas}r}Ues9ca743c3n91sd7ndTb}_t0an11_a0sn
9831nmi{C67e040}s1%879n00s{ca1safd9111adFadDtdnD13rcnT9179TUd
1nn90Ut1DnsanT11_b6D7%_7r1cn9aUm18e{sC_cm8fd9}}ms09aie4abTmcn
9cU11nn7bn_}n41c1sCc0es1scTc%1tmrn}0srfDnac1TaU_{d0csmDmU8617
tnis9sTdcb4_cb1D1b7e80bcda4%s8sU_8anC1m3rd_7tn}cTm30nUmncbba9
sfae10setaai3n8168d0146mUabdacs1Dcds7}8brT{an%mr?1nm19n9e4t9{
m1}_d39Ce1U{ssm0ctT0rDn8d1e1sntcfa0e11n9sDn6d_an1d7ssammnrF8a
smrC1s7n9saF9da181r9aDd6a9_0a%t{cTe0sm0dU88nrtc1_as}emn1nb0n9
0D4ab9mFfnccdc0ams{sUtUc_rsmnC}0aTidn1a8_ms4}ed7bTsansUiaDf%t
}t98dsa8c_e7c0mne9aD1_nns8sasn}DrC1_Ubmn00dm1r0?T9b6_ca?7d1a1
nD17sma?8rUm3aefadat}bC61bnancmfa1bcfenssa7T_9msr01c1d060smdT
99m9bs061sndmU0}4Ts9dtaratc1_a16Cdnr7}8mce4anc0}U_1D7tf7asm{n
9}1c6mdaas00TdU0Tn190CnsFsdcbb9eban1ani9d{a_77rf0sm}3_ta3_ret
sis0cisda}1648C7Un_4demnmcd?ar_bcrF9da00c8Tnf_111bs38Dteensas
iaUbc47aas_Canmn_8tb}cs9b7a0nm481{s9srsm?_Tdc901?a_%Dena9mrC0
ss8n}a_earsc%m6s10ddae1ma0a_fsUbnn8aen%m1sncD1bm1Dsnca98tbtUd
dcs1ea}6bDnTC8a}1e7ndUa8_nt01700cc_d_{mra1b0min8?1bssD3rnsd0t
Dnen91aaa1b?fi78t_m1Tb09n0eddc{tm1csU3amUdmfrs9Crfaf_76d}eaes
cn__cf9n1?s_s%ac18sd9m738md7mr1sn6mtatcfabD1a1a8Uasb_d9sCmcse
4}ae1nbrtc7UTda8tC1tmnmec9bae{sa1aeT907ebm1fc0mb3sn80m7%nDnd_
Tsfss1Drt71tmFds7n8U8Dcancb191101na9a1cFsn0a9}d_30m38?1_m6m{n
0snacsb}bma_e8}r%70a713_stbd11dcsFr4a_9n1as{6ncstTr89U9caemCT
sncre110T01ra1_Fannn_1aaesamb}Usad_sfD4}473ccfctm1tr8_78sD6m0
}0{}dr?nta0Tds6DsCnan?1sbUnn_Tm91s3_fmnd_1tcda97071aasac1__st
1r_ntc91mae?fcns00D1_am1Da78}nafs7a16dsd8aTs}3d{nanc_U39m413a
aDTc19ma0r7_3160c8n{aa9tc_ers?sDada9tc7Un0tf4n_s}91ed4ns80r_}
0ment90n1aa0ea}1c9U3Ds8nsr0aaednim1ma6c{8s71dcn1aTdm{smrCf}T1
d31b_n1}87a7na0Dbana1m99sff9_ssrm06UtDas18nadtc0nsc3r}8_91Ts{
s1}ami_if8asdbd}U1aa{DemT61Df1ac1mtT3nd{sc077F1n0ab%8en9sanet
csacrbdt1naUsa1s6esmna9C7iT843isdnD0_nen}{U0a_1s6d9n_D0_b7cFb
dms8}0n1c769nsr0s9ecc1mdm97daar7b1b7n8rn{}U39cn}8s0ms%amnaCms
bea1n198i8sdn00ca?1a1e0da_ns7C_c}s}}ar31017nUt1mend7s_14967fi
mmc17amdsn9e4da8DnUmnct10cdcsUdm1e8cnT1a}d1t}a9Dea_s}0sasr_?T
69{TbtnnC09a}600cnc1_?s6s0U7n1mmsa_a91aDD8r817_a7mcn_sed9aT1n
m07a1tnss%U4s9ceed01dss6es0_s}abse988Dn_smnCnns{mbmnanrt343da
as699am1e61b}ba_?acs_nTbe48eD0nm4rdtscrf_eUdb9f}s77nsmcdmn_e9
sai0ns1U%ts1}mmbf%8cns9_1674csandd8}D6t0c0D{ancadmar8s9s{nT10
8ssada?9_n1a0fT9nb}csbmc1T16r7edDUn{aCasdUc70a3s1m3crn1d1sFra
Tase0amcsemnn6eTnt_ssrmb?a1nnUa}970an0}8_9C}armss0TU1cdd9F7tf
f8r1F88bs0csda6t}nmCC%dma7Fdc_1t39ncanacUb4U_00T}n?TdDass8e04
0bdaarctm8mdsTsc}rnffna80{aCa19?41Ds_?DcTa_ssndsa7U0mn4_76{sa
a9s8ddDn}asrssmr}eU90ee1nad0cT0mn{cb8ass18_n7ammsncn_cDDn96a1
1a377dT0cnaUb}4s490dnnnfm0}D0D9diaCacdbnsmr1castnmtcs31a81mc6
D9t03}ds10amn94T1a7fr?m8_1s_0a9C?1mda8dtU_bDsms38}1{ncn0ac1ad
31t_nmmd_T{4s90aD}d_bD4_TndsUT1as7adns8dccf11%Ca0escmabn1s10s
9sn91Tm?%d06U114e{08sb7Daam1{Dec7a}nUa101csacnft_dnrDmfae}931
sbCs0U{96as90n8rnf8m_asmd0d41snTU7_a9_eD}n0r713bmnmcc60ctdCms
U{01md}bc_17_ncdcsaf6_m0caa9d64Dnsa0e7r{7s0c__dD_}71arn8}Cnba
}assnd1b}dd016}0d1are?_0cnnm_7T{nm_a6ms0nFm9c098aT_TasncUrbef
nrU187119t{%dfc0maanmdD_}tUaa8Tcsbas98edn9ebr6eC1n0sfdF7ns}08
ms0s81s1aT_0r9dn1Da7b1a1c9s987icrTdr0fcnr0md}nsmU_1C8nnm}eD}t
1d08b0mnmsc6Uss3aa8r8dmimnac8etcsnc419T1m8c7{d{n1nDbt_rn9n0eb
an_c1_b8ira1c?U7ecm{6as1979mnnnm}1m4nrUs_e9941ndTa110ds1a1DCt
da061d_mbs}91UbsTena07__fT61U9T9deUdt79en41?aam7s1}m4r1c{smn0
fre717n1Ta8mbaUen1mnUa1mra9sC0t7a70{c4sf0dsnes0s6}sn}1d1e_0sm
rTbn{8_a61_cebmt}aca_actd0977nU1?snne017s61dnadcn7a60t}mssm9s
ms7br18aUs8FrbndTa88fbatdsdi__D?da{TD11mneme1f8_n31}0_m3cC19e
49_madre%8ecn71n8nmrDdt0ac8s1__a1FasD%0sbU8d}d1nsd7?06nfta{1b
7s_cms6?c9fmdCC}80nb}1ad?mT_b07ar1neaF0t_3na1cD8s0}3brD9ematU
tbrta%nsta_94sUs__TbdF8Fb_m0Ca78teas1UT1a11na0cn9c7mc9arm}Dfn
_07datab0rm8f9ceUaa{d4nr1nsTsa1_3ee1m398d0Dnidt1sCaF}U61sbmnt
cbinT6ea}msU14ar3ad0DtcD0n0atbC1_s0_0s7fnmea81n7_7sd6m4dd9m9b
0fcDfm6a_mtb3s}9cdncn4es}1mbnr0n8cdTUs1i7mi1saaDm_naa8_14dane
ndTda9Uscc1mc_nbacr4s8a{00nfsi}Ds_1c1emm4tmeaD6m0mdnr7eba0_an
snUe_6_f0a9rsc}s1Cns0nt901r47m}3nt0s%s8d4a0nemdbr1FDabasba%cC
01saicaDsb111tn7as8_me%7s8nbUn}9ensabs6daUmcc49mt8F{eTmD_}7rn
DUCTF{is_r4nd0mn3ss_d3t3rm1n1st1c?_cba67ea78f19bcaefd9068f1a}
e0e3Ttn_da7dtnac6U_c1_{1018}n9DbC1s9a0rf0sdbas4?}8Dt1tmscm3ss
_Umaasecbdsm78nn9}brancma}_fmdmct0tfT}13TasdUsF_d0s6t7a1ma914
aU800sD1UDb?1Fb%1an897m0s9bfFmre0mn8s}9s8d1da1nte3c9ns}eT7ted
rD99b71Te7n8}101sCa6c1m{8drm_f09at11ffm0Usn4c8astm}8T_neU3ns1
1cd68e1s1sae7c6aaC?nba99Trcist0d3nr{71fmc4n4DTma0d7}0Udandsn6
?190}4bamsaaT_n86r70a1_0TnsDm0nnss7cd11n3etd989ebfs{9b1fm}msU
803a_c7nbmn}en1ssUsaT1asaen4{rcdbcTacDCsi6rn_0cdsF01c11D1{f0a
UC_1dDcnnc7101mar1d}9bsT7sammaa6a1{s4Da1man0d4n?41sc00r97ss_a
sna_ncTa9c}e87rDamdn1n1cre}T8m0nas0mdDn091st3t{ec1sn9aa7sUfma
0TaiaDn%at3U19mc?fC7a9r4%0{C6asn47nd9?8mnD0fs1bnmT7cs_cdUfn0e
7ndcs10rm1cfaa7m1sm_110nnb}0a896ra071D}r19DsccntncbCad0Udsfad
n88f_7{918adcns9D3}nrb_ms}adnaticanU88at00%014_d{ds9s6C1b07b_
bnFams6__eT{0Cs7n1mcT1asn1tan40_sU}9css9natDntsae7cmrssfd9am0
11%D01aams8snnrm}U__6daa81T17c{Tcnaem8dFtstbaFd7atdmb}4e9nC4r
ar7ceF}sD77Ur0903mnsnaa1m}c1asdamT_Uc1casDbse9bc1sCadTdc18t0a
cc1UmF17%7dtD47s8ab0UcaasD1Tsfntm3ntc8}n9nna__cmssm06s4_rCmma
D18tdb1e99Cnc14{_118FenUaan7bt1}3cFTmb08r8s?%s0m7sn18s00nd0am
m189m0DnnFtsdimbb1d_r9baUcsa89n0}eeC3m1dsD7%sTfan0{d1n_t3a10b
0m_83Ud}scnebm7asa1m61nm0b6adb7rnaa{rn91_8Ds741st}nd1trdT7a9a
nbedsr_dfam_17i7eTTdt1nsnmn}143d%a{e}9c9dadcm0U1C_d99Fm_cbnca
edm_n0nane8Tsa}Uc1bn0D1d0tn8_m1ce99rbDm{41cssTa6tsd7s97an}6d7
a76d0?0a7ssan1_mb9}ccan?U17Da9d18n60_9d81i9}9c70mas8{dC1fD0sc
rtad_sDd19FU0sDn0b_c0C391t8cas98b{n3c7ncc70sm4mascnm}s171cn8n
tssd{sm37e_rU_1?Dcs8dnT9tbaCC607tm}r9cnsDnb7Uaaa1saa}8t}sm10n
daa7cTm1af_?}dt7}dfmUn3dsD49sd7Fean_rai80c6nca{car818nTaD100s
c_18ndccfm1Tb}1tn8riaf{tnsa7748DTd671_9C81bmas7dTsnU07sname9n
ms}?tCU9aar9bs0fm8acsc1T1can_m7as0s0dnnU0cs1a{}0e80bn7FDr_7a6
a1}aam9nac1d0iaedT1_07fnD91deUbs8{ss7C4ssfra%nmc}11fbnt0_nn_b
0eama34b6Uca0rn1cmdnb1Dss9m}_c_ad{eU09a41ds987s0na1_te1s1c_8a
1{08%7U9asnb7ar1s_}Uns1c0rnfT70dmt9mF1abna}6smds1s?cD9sn7a_1a
13fTb80aatennsanc1is1nm{U0ce17r_Dn1sFdsaa7nd9cd1e7ad18daD10n8
a0_D1csUrsmca9atmd3c}ti1b4sanbnb817benUm77Ccndd7s1a6er{nsnn_T
dnns0marsbsai70teDsnms16TmncTUtc7D?8a8_b09}aa14a319DTns8n691_
i1mmDa_cr3sa9d6tanmfar}0nsDn8Ua{7}9}daCcT01cadn4s080csTTeabm8
8ebmnn}eUme0ac6tTet9dsdT_1r_318Fe177{ss_Dna1aaD0ic0mabmd1_}0_
711C4a__amU}dbn8sc98afss8ses0d8D67r1d0d0mn6nF?s}190a9a1a6{r7m
atn8sdamnccUD6d80cc1d0f8sTcemfdss0CtnmcsfsDnrbn9aTbm_sss}8{8d
{nn8esDans_61as0asrmcntbs0a7rUeadD1t_898_scd}e1cemn7FnaT3F119
}rsmtU3arisct1a8mDmT9dT_mbs{3s07nsmen91_rbd1UaFc80}Ccacf1a19a
a1_db8%8d419T8fDne7bndcaUdeCs6_m_ed8tTs9rn71raen}0s?a}c_1s0}t
9rcefsd9ncaD4Fa8amb8caf918s0c0dcm%f36s7smdU001bs7D71crn}_97ma
0T%_66m11t4{7mUrc198dtnffnDd9daen1n0n}nDissm7sma8abs1_daaTn7b
Dc6na{bmedU}natd3nd96beU1s0_s1c_s11aCrT63}1a1n8D1n_m6dm77samb
78s0c}bDmUd81nea90sseUn8nmfnr4a_med09}18nbCaams1_s9{nneast0_b
{_?aC9_ae0df3aace}sd7}m9fc8d46ncb790sbssmi31ena_sdUcma}rDb1r7
b6{cCm34a91fc9dn8fs_aCamin8tTt1Unms9r1m1ar0{0%0c?d9sassa4ndna
}Tsncn4raet8s7cm7bb8nd_c7780sa8sa6TUnbaedm1edF01sDtfac}t9d_mF
0tc8sn8U4cTnmt1am93s}dnmsad_06c6eab{draDU17m9mc00n40a1n9eC0n1
0tTmiD97a01D3ac7nb19ass}Ua17m908asnc1mcU9btsmemnT{_r89a_8}4tn
ctn1c9ea71UaaF71861}0r{ndeTs0nsmess01na8{t_Us3m_DDdmd14Tn93s0
nr1C1mFa9Tc{0_an07Dm1s%}sbna9{9_i1scU0mb9ab1macd4t1dnsTmnDtd4
Ta_tdtb_n01na0fa0c9?19n4csUc_D}sm9D_rn7Ua}%d7dd8eds1n9tmUt7T1
7n110et89c9e07c0s01eUT{cs6nt_4anabnD6Tsnaa4r97}dts_Dm}aCed41m
s9d}ta6Fn0m{4seaes0ntf1TTrfaeUn7dnCs0s}m1a8t8mDc_fedb3mFe0d81
fs{1a0mnnma1dfr186?n4}eanT03s0_77nrn1d3Us1t7sdt_da}a_aam_dTbd
7nnd1}m}bcT89T1_ssr}s0maf817m7nmaDCa_U94a0cstn1Daacsasmbdnm_n
d14mDfm801cct18snr?acaD1m1_n310an9ns0T7}9a4_0s1s7CUsr9nc7acF6
D}fce7m_t0aUrsmssb1adTa1}ma?1DanCt9sn6F31es_aac1d1mFffaccab80
3mm3bU1Da1ac{1eDsn9Fsi%ar11bdT_70dFnn1}Uia4ssrC_n_ced41n8aat1
1Un%F_%sbf_99}0annns}e31s1bmd8s00ds8b}TrDmnraaa1c%s9dmdnmama4
n7nra{F?0faU3C01}iaba903cd87s0m1s%edsa_}8n}6cn1m9ds1ccnte1C19
10ccd0t%nna0}ati79D006Tcms11e16s3ab3_s7F}ns11T9_ram}Ua7b%dnds
as1s3e1fn7sa4D0Crc1Um8ta6dbaa80}n_r99sesdaF11ta_64ddr09nnc8mn
6dbsd01s}a?cnt9U_}1c4c701snstr1sT78nF_9aCD11a8}amamTem1m04Dmb
U8n88mDTTas{a3_tdD}am?senesrnadt76_b_r1t7sncan0bm81nr71f0sda1
nn3n{D_dnsm?8nUcUcneae11sU8sri8a9s1m1d}m0_a61n76{mbct19s187sf
sn9d79t_n1{00barTa}1cst7n1CFnm0sasab1nD1aammT6d811U8U}t0m8em7
nDsf1raTmsncb9630?}{1teTUatn0mb71s0ddrd9s1dC8at{a6ecrn0saa7f7
07nn8dsnD1s46a3m9bn78_sfa3a?mn7nnsstc1s3aU1Tn87r_0Deda}1C9n11
Fmas1n8r9nt81ibs8?casdD}6c71n{rndfU1aCsnr1a97fmt4sDb}1dd38m1t
tcat0}78a1s_1dcm7Us7sn918bdaeaad1abCnss8n9f?f_86900mm00Dnr1dc
fsm_ss7nTd?nmTFm?rT7988aamb8Ds3dnf1mnesCFefa}30Uc6nan101{a_cd
7c4n9TTscada}m1a7nda19_f61{d7sn8_s1UbfT8asmn1_sD1rcbtdrcsm8b7
eUmd_1nn9FnDbmr7mc10eas1}99e1a6b{ftr0Td79T8nCmnasi?160t_nDics
edf47U1nn7massm_91}a9{sdaat{8b1ibf6ad_7Cc0TsT}bDamec1c80nme8a
tsT1mC8_f8cadDam8}Ds?08ad0aUF7drbc%tb1F1}rmnesdsf_n40}9sa_es8
bDsTm_es%}aa6m{11{sf}tU9sb7n0rsc_1rn8s8s94?11Cm7a1aUD9md0fs4t
61Fsass8c18tF8caeeDde0naCn_9m79f}47arct1satD3U0{d?fbdnrsdmUc1
71n48tacma1U0%_a7_d4{89a76s10DCcs?8dT0sdefarnnD_cban1nmd18rds
69T49ac97s08m7sda9{dmtst1mUDib8e}3n0ta0_b7Ta180es9sn11nCnb9_3
aceD}UTdFn9s781sCsbi7e1am9aarc7ntT{d7b1snf1c3a_m8sDUt34a_9md1
mn191sC1snt}a?ab0dadcd0F_8cTUs8m1Cfamr3a9Da77erT61r_seantD}im
tTn}e4dt4Dsda1asanmbnmctan10d03b_}6c_8s_1mn8t8m{raDa0mnU9Dsrf
1c17erCnnsaddmmd1s87a790{e1d}{D6cs%faUaamnc99fmtaebrsn_m1ss34
r{T8}4_00tD1f8mmdbn0i8n4nUCcam9}ccn170dd117T_4mff67scas_9Tnca
_1}mr?nm8971r0b_tn7sea0cdmUsaU{aU_t9DT1a49m7ncT6U17amsn1da08U
me0fa1T881nm6c}1s%TcsFss0a10c%aaemd0aaDC3d_U9a3r9_b_4tbcnn1b0
ias9dd7s4}Dcs011Ta83ms_dam67mdabCnnccFes9D0FaccUna18F01fas_n8
61esaeam1cnmUcfbad3t81tsreCanasUmd}tns8{?me8tsasa_nr0Dara100n
c8bdm49e}n_anaUmdsc?rn{es1d1tn9sn811c%ad%dsC04fatbdb7smD0fa88
n8Cs60s6mn40sd90tUD}m4ba}af_si1Umrm9df6bacd0sfc{c}a788Ds4a17n
miec0ta8FD1asaaU8nCft7ssnens7sdd}_0cns}8ebm_7rDmb189nsUac00sT
as7e1sn}n1as84mcrad?0stat9ts6aemn81_n_}9nns6an0mn11msd1FdU3s{
m0e9aaatdf9dUse8n161ce_mF1CaU0bne}sn1aD_}snmn11T7a70stsTT6raf
Dcsddnsnaa13Fifsn3e}0a0Uc1__Da7nsmtUaUa8c09CD}1Tmed3ra86c1940
d_8csnnt1?1}d8Fa3d107e9{}bb1ncaa4ssnDmmabUbms8d0a89Tnnsere{69
eidae6asnd_7bsmntcrUt1U_d0m19Unne18c}s3m1?38m6F0n1fab{?DaaFcc
fmeDncniT30fc7n0ma}n1r7ca0mft6sn1m?{1snf_9aUes8s8{ne01a1eDadU
60maDtUs1sbDa9srasd{_71ambcn1}rsCn1st8ne1fb7s8}4ea91nn_ei08_d
nat03db86aeDcsaf901assDa0nUFnd}0n14em37C0m9r_a89cmT_0t9mdn%rT
am}9nccnncnd8fd910ntTt6Fac0_903D_bb{1_Ua?saTa1mrs8asT_90fdss}
m%drsn13Um1t8D01c1s6a_scma1}n0Tdes0brn_atnraas1itsn_s}mcfnD%}
Tn1acea7}ns7saa0DD}s1mnb_mr9cb0nc619r1t13U97m017?ta{scCedm39n
1a71sd110n_}4nc0ne819491c{t6Ccbenndf%a8U7bd1dmdsri9ana031rams
sn7Ds6aU0n00cseratTmm%0nn19r_ama}}6n8r_a191n7_bddnecC%%_t8a41
sFa{a1Utafnm8bsi0}m8esssnDdn4?aTD}cmabcasc_nd_csmeCr_c70d09td
am30_3a?me4Ut3n1mU1ecd0TaT6_0sba_7_7UenF9dsn1m_08dt}}{nar_80d
n108nssCaTam1iUn1D1d_nds89cm1ssc0aam0e3m_}%1mcradDtdb69r?dn4}
DF_msTasd_Cd1cas0}m1nd1_13a8tn9F7b3}rcs1an6_1mUn0777s?f0s9T8a
mc_70n8bdm_a0t1ens1684n4__aer79te}U}88aass{snr}{1cUacss?n1b6a
Fc}8m91sndsTCD100amer}7e4cm1a1n1U1eFs71an1nc8s77c10es7{_06cab
009s_1msns8C}nnb_cac8{%rDnm1aaabe3rsccd79sf40d_dm_em16eeU1t1d
}Cm_ab6dtt0ae13nf1tdrd8ss_81mmbc9nD9}rm07d0ss87Unc%3as4nm1an4
_am_arc8sa1s{U07}aCeb80TaD1}014Dc}10n7ccnT_8_nU71scs3{6mnr}na
cm_U3n9r1}0cae}mssUbmb}77asee6cfan1aa1nc0adDisc{3T1sn1ebe08dC
9a8n{Da61snmt0ams_e8rnf99n1stea08cTcsnUa9aa_r_7Fb1c}sbbadmean
1bsr99?6sFncaama3Dfssmdn7me0d7s8c0_}F1can3s11{ma_9sn1amm0sDbU
bsmFUba88f7Tde1ncr9tac_03mn7di77Dcm40000ta9{}Cam%asctDd}881c1
sc9a6{e08_icsT4}and7cnTbteUni_878%0a89dd}Dni03a}s43re1m9t1caC
acd1nnnara046T9U4s_cadnD18s8s08{t8s0dmsdDb_C77bt}c9ma10n107n9
sU1{Tma0sc6}fmts___810b1a9_0s_bn1ara7mmCs9r9C9b6a7eatdn1bDdfn
aDb8ss9m}0arm9tdsn71Dn1iaesTC01snsC_dta_scetc7{cf9d31bnaC}Umn
07}U6dmn__maTbaa88_c{tsDss1ds07nd0C8a_Fm917_9rDs0U}san?bn?dea
U4aC1a17s}1snsa1bm_81caed0nmt8ntbdse8_{t6a1ssmTc9d9ssT069c6}a
Das1baa1}f1d97s_d}s_9_s181ena31cetn987TUae}0fm00s?ccra{sdD6cr
9ai7d6%{csad91FnneC0a7018n1n7s_s10am19csabfrm3T{n3a0nmra88}Ua
s_en0mate0a}8cdm9eUD7eTaatnnmasFsbcan3}s7D0{811ce6drbmU9m1d3d
71Usn_aaeiF4T3F7Tcdd8cenDba0{_}0nCDs91cmFD_13a0sCta_t671csdnd
{tesam18n4mdandenfnCb7Dsnb}7Umd3nd9r0d01T8e?9an8a1T6_mms189{7
te_aa8a1_t8mmd{c7mD9ds7c1rcacn7baFsUn}9mbs1?s9aatane60D1Ce0ad
0bss81semmm9cTaa8dDarnDd618aC7a_7UfUn10ssn0nn1a}{c7fcba4c171n
iUns_8n1bbd00eneCn1ss961t3nc}9Dtacad81_7namTr0t40cmaDTmnr1fsT
Ub{eD8a%nn8mn8dm1ca9bf1rdcd1Uaa19tas7_D7ss0nn0m07}esn?c08dm{t
s_aseUa?dnn0aieUibs7rn1snc1nDmra1af%06mCmDasc9da878bm{91tn_8U
8n91nTdUe1mdimd0eD1amnsnCs3cs1dbr89n_9Dr7t016eaUbT79}{f_bcc0c
sT0bf0Uaa08ma8nD9b_7sdtn1cmd1ssb0Femmn8U1faTm}n7n9c6Uas7cnni3
708bnm7_Umdb6se0_9FmDCcsT}DU71ndsr3naa?1r{0f0a10s1b10cT}sncta
1mm170sd0a1bi6ccUamT4}3aa1s6n_}41U{me7r0n4ans%8rss9}?9tC0e1nm
arbeD1a8astn_m9sa%_sn9n1sbc1nf9i1{}cst61da01sm49%e}an0sC1U0_U
asb813as7d1eDr3Uc?9cT}14ms_Ca869a_0nc_1n3maas9C{10Dmn1c}esdi1
s_fb60n1cs1n_ac%d}mcacba3?rT0sfnsD4eae}a{r_s1_U9e}T417dd7187d
fdmUnaa7D870cce1n1sdcs0bnUF}67T9bds1mD_s1C8a0saT1n9d7dcUnm08c
4ace}ncUctc013ta9bTasdCar870c1n0fsm1dfaabsD9rd_6ns8__1990dna}
0rena1sabrTacrac9nnbasDm{8sm8dc01}CmD9}amtn0n13n0_ada_?7711U7
rn}a4c9aaCdDcmsamcU37c010F_01mT146cU8ct101mnednnssbrsmDcstnr7
c%1{4a8mTctT_b9nb1_619}391Dn714nasns87ade7nmnc60sT0sn4CUnar_1
{e4sadt1a0}Dafaa871ss0Td8c09n}cde0d8n7aaU_dbn6m7_61ms3cbnec0e
nabdb__em91aDiF}damc{mndcss0ern19mfcaUaT8_D7aCr_nbn8a9?0nmms7
m9s1af8c?ns1ama1}c3_s_andat9emrd3sna6enbm1UDU1T6{1ddcna8etrt9
amTd7r1b_7c}9ae4d8nbs61738C1nnnTan}U94Dn?t0s8mcaecf3}tc19ebsm
37madma{sbnnTa6sdbDcnm8}rU7f8bDmF}nf3T00nTs9a9a01atmU1nm10ccc
01emc7D3tnm9ann0F94n{r480}U0sani9ss16d_T900bn8911Csc08871s1aa
0nU_a8791m%nfs7a{br6cnUbDD?1ia}Tmn87t6cndbfTe1s3d_1}9nse_4D{0
9_m7D6Tan8aa14fd}c1c9UCm0tbbDm08ndac8bf}a9s0{7nsT01ra1b9ee_nc
Fsm4mn{a9U08nc81a1D8n49_9bnd1134Dss8T1a0n6{r0}U?eas7_a}sc_Cd0
c0_89ennsd77ar}T_1ncm0m0dCb0Tsrr{ss9tnCU3cUs61a10}abUDe4b4smc
msmaa0n191sC{ann0t0anUam69sbCnmd39cem7dais?9c0an_8_a81raDT1}6
80dt0ca1s7m_s00nbUn6am9sfdss1cns}9a9sncDmeTsa4}a8i76am1bcrn01
e0c_U817f}8dmT3s4s9aadsbFUd0aDbms60Ttss{sDb%7nTrmf1tT_nbm31dd
}nsbtUm011Dnn7t_cD6_cCna{sicnfmr8a1aTaare3Ts1mdtse%1?ea18_008
0meab_b11cfr_enCcs1D}F1cm89da7U41aaaT7snb8ss9cCnmdncm900ra_6s
t3s190n188U98abDc71m31cTadnsn?7_Da}1m006_49F9ra_c{mCsaatn0_ns
0mcfs1ac7dccTcmDU0_m{Tnt0nn8}3s3tm}aC{088m1a_Dnann947r9rs6d10
d8b11Dca8_cs8_mnd0Trm1n9d740_cata_Dsaa{t_30{8m16}1nnedssT7sUs
6mn}_aU1%0asTs1ntrnDfnmam_ist70d1bDm8anmd90mC}0cn7{U3es4ncs88
cd_d9a1cf8sae9sa0nm0cb{bCrm_8asn4_DTUF}1a8nttn_1711dsasm}sd0n
mdt0819e1anm8a3ta1C7rsianmab}ncfn3dembse1UrTs_0eT6cn0_aeD}s?6
ncUrad04msdtf1}cdn_mdi7em16b98mDn0tfan0ab811C1a9ct1s9T1{D?mt_
0s60eUnn_esfdmsnD01ma}s0n1b_estDT{}ccncrm8a8c0sTF8c3T4}11cda7
_80ndasa9sd_ce{se149m_m71391n8atfdbrea16T7tsd9U0nd?}aDs08Dbnr
86e810Fmcs81D8a_cm1_a{c9dsU8a9bar_710n0bma_scd9b7}01nt7aUndri
fc78s9nU10a0a7_rTe01bci8nF8b8mma1sen8sCTsd060d7s74D1_Umf_bnn}
103c884daC{fTcb9_8d0aa}sssd%7tasTas9nn}b4_1UrmcDm4n11iDT_6mmc
9c}nTmastn0D1?6r_7{maat0sd1sdmr0_b01nU0n{%?96Cet}bc_e0TDsd90n
n?9ar1rnUdC1dnm10a8b7nmsDsn9bfTtbbaU86{9tmn86smUcasm701}%s1f0
nU?in0a8ba83s19s1t_1tn0des9s}a1_0D7%10c}_?1r9ns0s7amTCmrd7Taf
n1ts8bs30a_tbC6c}1Dnmsrcbcics0e017U9a10n7FTde_1f1ea%}7a0nFbdm
b_U9n}8nrd{meaTaU711anf611s_acbs11d9bda03ascn7s0a8ra_smc1rtdi
3nsi710s}n11arb3ftFm34snU96}?cd1e4ea_7nm9s11T7mntsdrmndUaaD88
_0601f9cs1t83810{dfc0s38bncra1as_U_mC_}9cbnDdtmaTf80n_ia1ssTD
naedsaTssma1_}088e{T7tma06_dsb_9}Um017D8_Cs3D1Ucb160st_77acnr
b}119at9emc748tUadnCasdadnnm987}6emeb}U1e4D0a%nTm1irDac80rasd
dDa61C10Tarsm13T1dan8ms}61_a0cas09sn8sUa_atUnnd}1r_m1msae{1dr
8asca1mcmFne1en3d6s1sTCdD}4atbid84a7?0ssU18sr1da6tsa99snatbb7
D3ncbt?T1a1_1r}c{at0ba8a97dUm}CeeU11nsfnnamrafmab8b8t0_0smsDm
3a_s61_n97asb7d81Usd189erec{4_mnmmrC1e}Tm80cd_t7aT0caFsf1na70
amdes9d1_Dcnn8c9anfU9n_arr67s11maaTnbd41ad7ncebmD9ms}7c808nst
}c%st8bTsnrfnnatdnCdmms_{mTss81aatnrc6n4ss8_mUcC1en7_0bacmcDd
naidb}9c1T_f_ts1b7s00nba__?ma08ss6eUmd1rdn}ans1_1DrD10d191cfm
asdtDrd}{C1}rUtcta8dTfmet?d_ad8mna9m9a0s7icm6n91FacaTen0ass9n
{De3}Ts9amaDa8_9}48dUm761{canm1c0aat0cb41t1emncrnd11s4T1ne_s%
b99n4an86n49nDT7iar{mU{1sama1dte_Cr_1ten7s1s_nacc0s8cs8bc?Taf
m1md9t11n17b6sa4ba1sC0_8DU9D}m1n0_0iF{3natnU%masncC9s8_dnmr9a
0d_eb1s9a{dsdTe0n176ema309}8c_cr%Dbsn8Dsfma0csd_1cU1TnaDa{0T1
ca3aCn7ndm_rUs7s6mbtDc04naa09711Umn0n1n9188da7ddmaa7sndetc_}_
8tm6cmUe9rndes{n18Ui9n7tsmeC18cassd76fDa010s1n144e1}b_d}baa9c
_mbFs7s1s}7Ua1na99_c18a8dDra0_aC14d06n?_dnesc17tdnmfcn4an0Fmc
0c7stsU_ds_{0_rm09a7Fi7_b6n1ebcaDa08sCr1{1}9m1n19e%dn}7UatT1s
_nrnas1aUdci3amt7e_an?9d8}19at_a480mD1_m77nb16sCa9fmcc{da8s1%
c_cn}_nnasb{bdF}dafar1_{ae0}nr0saa17Fd0_7860T7F8se1Dcm91ntaU0
1br%419CsmcdT}bmes19a3tarnd8U9d0a0819st}6nT8s_mds}_{1_3a%_nan
a10dFdsfr83n1cTm?8ac39ac0d0bs{an9aFrn6msa1mD1847dtdT{dUn8tt_c
aTDd9c_c_9ac7mnt_ads3}{?84nrsmse1t73a1emU1U1b6f40mbdsc0en}na8
9}_escntn1s1Fa7t411}ac9n0nmd8am9fba}11m71madtsCUmac7T8Tsrdnnn
10{e4n1TFss08r_n8}a7aUDn1eDsmas{sdsm0d9a179nt6csa77n1_8}an_bm
ab?cFCm0aDfUdr9e4c}1m83dFs__1d4c}7D98crm1caa{f6ssnns907aaesmm
Tm1raf{r3D8n1t6ic}dsU3b6Fc7a10170sd9tae_1TnUc1ns1aCb7nmda8?}s
}19Tea1srn4Dd3e_30nsn7m870t_smmbaas1cc088F{ecCncUUa981d?_0sdn
br0U1mfmn01ai811s1dasTc7m{0ee8eec8cD73mDs9e0a98dn1}crtsnea0a3
iF16cmnbUnaciCs07an}tns9em1cs9n711}_0{bsacnrm1_FT?d88908r1maU
0a1ca11Dbt_se8Ud}nTa931rna7ct}14{abcms6eb8dsm1nm}sa1Ufd18m{df
{?ana_}addnc6s87ansnem0sbDsnd0dmm9ac7metba}U8T}1na9cr78emb00m
atd3Dr1a_bmnfmdaan_dmnd0m90s1U1ac91_b0}dnn0F18asc6_7c3%8%9esC
_mc6tn{drsa7ts_0D}aanTbdm81a01n{bsscedTanfU1}cnDa131n9T4%_mU1
6s8amCU88T8n8sdn_DdnF7mnsc1aDra}7}aT71bc}f?a19btd9me{nsc4m%fe
_s}188bnb8sdCaa9aFm16U7tbmsedTm0r0tD4Fmasams31D10s3e87macant1
m4d137DmDa_smCUncst0adstTnec4r}1sa?9mF17_ad9b_11bcc3n8ab0n89s
da_311nm1nmUD70}s8ntsm_n}artdc}_bc80emdna1Us6bdcneaT8stnts19s
}%mFstn%T_bmsUm1c%19ard3ean0sm?8a8ae4_%s1r}m01DmsT}amca1dac0n
%a8ca13m19m1seen_nd0dCds1018bn6tc9na81tearmsU}beamcc0f1nT19sa
9ed6bscat11n1ddnaFrs8Ct9a_dtm1m8mds_7Db0s1asn_rU810m1nTn7cs}a
Dft9n9cm?}m08s_c1Umf71ae9C14dTcs74n7bsa10187are_a?1_n_em9m6{s
8f9smnmsUifsn_nc66d187n8e3s_71in7mtrDsta}srC0f0aTCsacc00}bfU1
i7Ct1}6mF8Ts0ne1Ts%rac__aU}}sTasas%d8md0md0{1crac_01nnf7besDt
r9sn1}ab1s0ssfmecansm1anaemt1U8c_rT1bat0T6%_e9c8cmd}}Cn{9nan_
_?TenC_01sbd1_Te%sU}sss0_9_m40a06amDa}8a{cn7cnb9imdr01c9F31_d
med?_d1_sfnTaUT4{cnn01{meatsmnf1a9ndrsdaf8c4ar0Decdts819d0C}D
U98Dsa1n43mUtsn9DT7faa8ma}msn9{r18?0abds{a9s1C}sen671}tmma0ac
tcs1f1c7c0U1bnD?Da0r%daeac89e931rsaad%absssacfs?m6n7m0{}0n}Cc
m49samnb%c1cen__01Td}rn_d{900s799m710f%U86Dccme3t1nsad1nDsC01
dU___sd?fm30b0nt1n40msm1{409caen8dn9D_r1fc8nnbcd61Ut1Dn9amsr7
m4cTa07df}a9andt0Us_1ccera8_s1881s9t9nnf17ads3cmDdm8m6D{nUFbn
tiTsrcTd06cn8rnrcc{mm1meC8a9fia}asFns3730aDb11e1f304Ucas0mdna
b8sn0rFme}7b0cn6mm9ndncsst08dnmrm{nct49asCn1a7d1aa}0e918dca1U
ndssi8bTaem7Ut8an9a9de8DnT3sescmC6t{dt9Ub40}rnc0b_nr8bcaccmsn
bm8frsfad3r_daTD}amnm18Fna6Um91t8sC9nac61dn11Tmnar0b1ssededUm
mDnds_a8aera8fn60tmd}_a_01Umna81as90s7dCn1scT1f0brDmn0m1me31d
9nssc7c1a040_0%cft7Dda1mc11a3cnera0sd1_}3_cm7}sU0ss_T014nsr8f
_masbtnD19cds497n0a41at%saam6deat9nnd8D9T}8?m_c1se}4a10nUc7c0
mnfn0mad7ta783eb{tTc09d8_mscmaan604ffnn9sU}n1}4dae70Cmc}Ddsar
67}1C_De77U38m_C9nbsaeb{rcds0a1}91afT7}7mcn0918smi1nbf1ntaa1%
r{n84n3a7bdDr9{Fsm_a}re}9tn6r011C_8d1_1a1cU_0smatCd3f1aTTC_8s
9acn{bs9rrdatCed?m_UfU6e1bs}n88mD77_Tca1b4nmnf0di_innc4scssaa
sbUnb%16centb1s931atfr8m}s0?a987Un1aat30cn9neb1s4D3a1s_cmtr0n
d8n0819a}mn79m1?sUf_9arDbsam0r_17abCc1sdTtd7aecs_6nmrn}_dmt01
n_807sr8d{4mrccaTdDa1m?nUCam1cs1}7nd31%_?_a9{6fe1d04ataba7ats
1nbm{dnrac91s1Dn83ba1_n1tmDs0CbTatnsci_manrUTa7900ac60dFa76c}
D89asU1193drrFtds7ae}mnnbC703mnsc_s9em{nt81ss}mcaa8aacn0_?ac1
ae71}TnsTsacefmF196a1}_6asmd9Fn8ia0D?_Ud7n1ma9m7raDF104{dasf1
7cm7_cTe{}39nndcnU_6sdncaa?sra}Cs?10rmbTc_0snna9081neee8dmcss
9f8dned0craDmm0ccD3_a710Ut}1}_asa{889ebcrCats3csnmn9_0as9esc0
bD8Ua10bdre1{9n6nsaact8?rF1ndn7fea}c9mFmc71}deaccmmsa_1snD11%
msabd118ca}trn41aders0m7n1nn?_0sU}Db7m9mdTa6{108daC09a0D3sTcU
8eanT_a1aa{cDrasb?mas71_tn1r7mmacb8d6dcin130r9mec9%Uss}}{ns9U
tet4ncTban0_c1s0is8fr}csn_7s0ctdba416n_a1mDds4Dd1cmaniU31_s1a
Tac7as90_a17arm1Us8bambcUnDad}1md9m9sm61car0{87etT1cnn7s0s3cn
Urtd9bs981n_0a0ab{DsaTmdcnnar1sn1e}1af}9d1itts7bc0m9scCc6tUn0
08ntb1st{na0dcs9?9191Daeeseam1tC0}rU1smd_cdmdnn193n7s8bmmnrsd
a{ad0ama19{ss1_}_9aCnbnscctDe?nDcsmt68bTdm1nU1_{Tnn0r81_ifab_
Ts?bb07_ac8%s119n}msse1Uan1n6T9an8cc0me7b7a_e3b4_0mnmrtU0d7{1
sn11n_mcr_dDanC64iaas{1_bt7nTdU71s8cd?7_{nsrmbna1mnFa189n0D}1
89c{n61cm1ssee0n0s7cmUt810m90fr}nfad73eFss9aabTc_Ddt1da46FDsr
ce0s7aC8Tse671daUn91m1n}Um1tdnsdsf_nD19tnm7r3004masna0TacT14T
{bn4?401Un{T}f3tr7U_nnCad8s9masaDma7csm77ted71arbs_c0t1Dbc861
97%9saDn148?n1ba7_msse}{rdDd_cUnd{67am1c1FaCsntsas0rc1can0_b1
1Uas_T8Tca{nD{ceddncfs11r840ma07}acmma?cc0sncd7bm1_s0_81r99sC
1crndn4e01d1dm13a6c3bmcmc01sn_Utta1abrsnafnU8n}1s9sDe770n7T?9
a9%0b0eTnsaa1a8e018cC10in_ed6311ddeDsa7Untba9da_aTbm{9fmsbir}
}U8ib3ans1D%mDn9n1acam6sa}c4Ua_c91rfTna81nsb1bimfd7etcnsTss10
taTDa3sfaa01nd9r61a01dCUems_fdt8rrc}cc0U0abesmtn}nTsn3?4m_1{4
?cTcs8Dms3n981ad8nfsbaCUtc%79TF1taa7d41sUan_nn4mdf1b6?}sDramc
t8_sTCs7r7asim{_m6nafesDr7f69cU11007d0_a8U1%c1FTem?amsn}s}bmm
scs__am}ar}9aa}Fs0se761c110n9?b98eddn3CnTTn_sersmccDU%1smacd9
C0nss{ccm8611T3_nt4a0}c01cnU8FnbaaTnat3ab79sDe1mddsd1a88604td
Dsatb7sacUmrTn6f70tTads1mc6}U914e0c6rf0c1s_Ts1dnc9s1791n0ssmC
1}aUm118taD0a9mUrdTd4s3e_dDmd1s0a1cdn880?c{8}es71bafU7_9nnc96
1m1na8emc6s9}b1adad1nsC7Tna7se_e3_as9tTaU{mFbnf?edr1c{7041mDc
a1mTtssr91ecb{bn8nbtCa49Uta_dn8n8enae1_87}amcDb63aac0e11cecn0
}_1%6a141tm9asnnaa1ade{7F0srad0d1tcn8drbimcUUa3_T1b7bFcn1FadD
n1ndnmbdac1m910ns}bass109e_CT7d0c46Tm8scnnam9Urn81{114_b6cs8t
0_cn}0e1s8nac?f_dac9Us11n3m7md9{4bDarmibcT_?ectTn}aess6cdsnsm
6crcs8m1aU1Fa9n1Dmn{ra1n8e9f?{Fn7s1bcmrn1}dT0snia7s%cim_d9_ed
4Uc0D1rT7sseaT4tDUdmsd14sa7a0aCnem1s7a}%nd_e037m_m0_6tssnfcn0
naa8}dssTnDncn8F_a9a_1dtma7194bscsd4m70a}Ctnc01?9UDt{mn6m9cnn
n49bnUnmU}T{s6ab1r3ac019as_r1n98a{c0Tn8dFf1d9_mF9D_a_c700_}d7
s1Utsmanncr0m0_}1amT9}mfed87ad87Tsaa1sb1nn_aaaec11c91DbC{9sDc
cTDd}%a9e_sc74D811ssas8{%18snmmn0m89m4c}r11mand?Fs7U4crc0_6_s
Urdt4_aab1n}6D8smsTn3t10Cde71de7asr9n6cD4m170mrn1dUbe_n0Tcan}
c0fb818tss0sn97Unnme1s8dn_c0bs18FmriaCmnabT}sa4sa04mt1Fdaec9t
1tma}dFe7s8D8c0nd{sarCn4d3Um1ass01smsFsTabmc1b1_4fncdc7m6bnan
9_98aaanTs4r9rdt9C6ddand81e3n_1s{1}8s00tacim_ea_{n1anDUU118D9
tU0n6taa}0cDe9s8f1n1r?b1mT1cdnmbi%nara{_b194901cd8Dm8n}0tmU_a
emban7_samccmd6ic}n1n8f4b1T9_ansbera3tUt09fbd9c8}871e31D0tT1e
_dta88m1a{0t8dc3_7a6U1ensnn7b_89dt1dfs_a1r}0racmDs_3ns0Di}nat
Dc0F1m_}18cm3dcr091aTT0_?0annmbb4msec1n1%aU6_n7n7fa7asa191tDa
fsmea1rdcCscsb0s7D04eTscd_afcnda1rm_{1nDc}U7b1193nU89s9_aa_na
tn1DCcUba0cnaa6rT?db9f_cU{40cs7n3bmc1fssdm7ct8fb848nms971}cnT
9mnd9facr%amd01ttnUs1c1m__?n{ee}Fsd07D97am8nFas7m38bs0Ud1%f1n
cr1{11_8ar89n%acambd8a}mnn0fs60nat3tca11neT8Una0afsDcU{F_6eU?
rTc}9ic8_n_am{6Dm1?ss0sfeaUtdef1snds9bn71a0bCdmras79m{dUadba}
D8_sm01nbTcsdd7mtc010aam{890d6e1arn79e1aTsa0Fdin9nUF}c79baUtT
dsDtnb_b}ra00670s8cadceacrn1Cscb1a9}7aa0ennC1FUT%ss3sm8%nsaat
Tt_cUm0n}11ad8Cae8csd4ct91Fcd77nnecfs6}}msbCm9bnr9Da_as1mi3cT
1c8m1nTaf8mi9tne8s}8e37scDmec{Ub6d7sa0c_an9s9da00f1CDc4es9e7a
d7134fb8Udm9rfanaFCaDe{maD0ns?}8_nmsc80_Tneessn}e1nt8tni6m767
9fbd6ndDma0_ssn31anU1c_19nceaeacmtn8d{ssFm8?1aedanDs9it7}nn7b
ccb11Trnmsana9nTaan}d8U8nf0eCad9r3mDdebb1ssme?1sb0t18ae77n1{n
f8e1sTs_snbaFdf0rt{d9nb}38ec41emnCmcdnDtDUafaf7a0sen41enm{8n1
renCmd0ca8n9nm9}U4_daffsacssca6at1}De}e11rdnmn0mmc7aT1a{09Tn4
FCs7e_U1T9n7D}1{s_d1td7aeea%fa19tna9b8tn6dsas}mbfm7n1anc0rc8m
n4DseaF_8cd0ceFaes}91nUsn0U0r{n14tbd_a1rmsm19mb7e}me%dDnTama7
se8r4nsenm{mbtnd79a7ass_8bdandm1fmeCrssUs1nD0sra60_T3s0nsaDs}
nmadmn4UDfm03eae11sn4cDtca67esbsbd9aca81tm0CU9a1_Trscbnnnb}i8
s00mt0}67_}ncdscUDT1c8d1C9n17ds}rde_m4abDsdnm1_1na9m1set8d{s8
cs_11DT3a1td16affr%sb_7a_rDsan4n_r9c}isnmf{nns0nb}ns7FmU81m0T
aanddnTtCn8en_?n}mdmrsn3U}7cbsasD9Te1ams8e1dc98idnf1fbT3e09cs
0tnmt9mF{8Caa97}drs7a7Ud_0fm0cssc0dba8a7i1_nUt9n1bTenTs69c1D{
brsc7amanbnc_UDimn9r9?dmat8e80nss9fbsa0b1T0ftC}nm46cna0UdasUD
Tcaedr0F60cd7da0a1ant9F8s9U_8n41bTnr9C{m_7}sctbmtc8asDmd0b818
t6safnscr7{CDb3ncd4aeisfsn9t1Ts1T_T7nD6e0mc%89Uffd}e0{1a0d7mU
e}n7__68cDst0m_9ddaacnt3bTC1a_e10acsemc6nUd117a{asei8bd9brn9n
caneam0?nm9s7sbnnrsD8aC1}d7t}T6Um38dasr0ecDT07da1n0ns_cf9T71s
7s}6{d18bedF}?1m0raD_t0n09demncsU8secaasfsm_9m1dsa{n_ca090tet
Db14Urn}cdsU}d_s11Dn7msm8aC9m06}04a80b0b{c8b9sFdeta9a1ms?dcnn
b7{Ta4n00dmt0Tc9r0tasaf_eccDaa1b9afsde4_m1U3mcd1n61n370ansCd}
70nDnmma4t}mm6na_0s9aafn7t89}ss_na?cbdrsasC1cmTrbUUmiTCc}re1s
mcse9a1UU1ne1md8_nd?dnadf19r_sCe{1Fad1afnsT}cD301T7taca7ssn84
s6acc%b9s1a1a79enrDtd01emTn8ca3c}i_Fa8UsD1t{}sarcn8m8dm8f01mt
c}rmsnDaca_e0Tnd17nUs0?n6sc}b01e7s1ean0cttmbcaUFi8Te_}ccaC1d_
tn1Das9s1n6nU_1nsD}7dnbnte0{404_n8cm71me9}b_1aTcse1a_t8ma?71a
3T6T11es1m1n1_D}}bsd8nbccdbn7e01ceai?DaamtrC%a04ssmDnnnUs997s
m8a77add0Fmmns8n1t1s9am0n40{sr1}b?i1brnc_CccnaaU191DatsasD97T
r1FsC3%dn8cb6dan?1dDt8}samm0amas86d01a}c0_nTcs_tstsnaaecm977U
0_ae_0{cmUC9nD4e?crm7s8msmt1tcabd_m3eUr7n_Dnf01n}aa4dnfa_d60T
assndce8aCTm}c11b3mUnm7}19_stDtis0eacn_sm6_4abt99nrD14asaed0a
cF97bfnscti0_mbmrTeCn4U_1eTaaTdDecd0cncas1{1a1?sca93b4cm}nndt
aTt{0dt1Fm_cccFbrmDUUnassr6b9_m9d31?mcsssc1c9T}mtan0a7D8dsa1a
1asdi90b17d8si970rseaa_Tmsd9_sF_n1U}_1ccdc6nmtCd1a6ss%8mUa00a
a_4abae7DTFmTsn_67st{a0as0m?}11e}csUf7nr8dUac0nasebnmn03cs1md
tFCnn9end19d3ansds8sa1icn8bfsbtcam7%_c__mcs}{mra1Ucafee}3m0cT
10nb{tmnUddndb0an71dndea83mdb8sret0ccs4Ccann0rasUc1_m8FTTsccn
n0Tnc8T3918?b7rdn03e1{mmmTa0n}CtaU0sd7_fsbm_}aDssr3111U%asns7
m8187{_ncc}s8abmbsnn}0DaTns3m?U0m7mDd1antsT9r1brtmdC0a1nUcF87
Dn1Dse{n_}f_ccs1b0esssmT10s18_fmDnad7ndscn_s3m9asUUaF6nrb9Cbm
sddDanmrUcbmf81U7T}as1Tsr8fcns6ic%e}Cna9n01sr_9{daC{m_3dt_adT
sn}e1sb8Tr_9as1na_sten0bnncssTrmad71adnim7rbcmamact0t04D6C80U
s_ne17_9}11339bm8seccFdd8nt8ancdD{m9dUa_snan1bbma0rUDs7Ucmmi7
}9cnc7anamUfn8Tn9a?%8da14sbn%0916Ur6mDr_1sfsi7cns?n_fe}{1Tcaa
mUDr0mT1cd0dnd{n3%}set_71}es%1aCcb_Tb8ca08Ffm1sscaa1}msrnn0_m
mdsn7ten{_8frb9amT3ctd0ms6m1sn011_earbac1nn47_8an1dDsUaD9_nd}
9ss0aT8Un1fs_ated1}1acm7ba3emn{_mnT0rf40f9cancns7c68}1097F0r1
daaDcdrnTcasC{17s3}1f6Fe?smdamDsmsrrs1mU640c_eaT}070ce1nnctTn
3tD10_e8ma0c_i1dc19anabr7c?30rf1sf1ssbT7dmT0aa1nenm}6Udsc8cr8
084_ne9asa01mmc}%0mde9Cssaf7d}rsFUnn0dD1n8asTaantna?m10781c6b
991ne0a13aCbt?md6anm1rn84csemfne0Fa8?6fU_7m1}t1n_0m_asDbc8sdc
ncbe6fc8csirs9b4r0_a1da8T0t0_0%am}nm{7417DmaDnnfsaaCdm}U}78s7
T_9raT11r_?8n0}34mtd808nsnn1aDmas1U06s}ned00dd_4i_abC8a7cm4cs
en9saia_7rT{c81aUb61m8s11n0a0mnd9s_dtae07sTmc{da0sDC7e1}b}b1_
Ds1snba16srn7s_af9}m1sc0sTmm_n{ed{d7an_sasaU07t80a3}nc1md4c1e
dadnc8c9}m7sn4UTssabD8nass1d8m8m6dart11}70_3rsa_e1cn_0n0fCnf7
a06c%sa1Dc1s8Dab1m{nae08bCctmr7_c6m1eTcUba79_nm9abDnebn{}480f
mnT18a}fdsasa1tfCnca1_t6bmrsm0smD80s98_s1rTd%47in{Ub7s3a70Cr3
4s0c7%cbdb808}a_s9nT1FT1eDtCddea1r1emd8a41s_Dranr1m8bc7sbU6an
rb8cc1n_0{drsn7318UCcd0am6}a1bdeFdaD}dT7fn?a1e8cnms_a1c7ss_aa
b}7nnbsa71snaD73adm0m0bcac1bn{}a4s_nnisdr}dsss4rDe38mn9UbT00s
68m170sa_dda9Fnea1dnaT{}rmtn_c4scin0mbCi86cUsct3eD9Tb91b{7sa0
s0Dnn8{ds0T3asn7_r}ac1n11a}sDm1d7980cFtafcsf_btccs9n}aaCsm60U
d}c{a1s00abs}1mn0Uas?16{C449D1n00saTt9d40c9macdec81mbrienadcn
ear89m90fs1a16c}7a}1rt0m{mbD_e8a_%Udnddb1cnnn}}sT?0Cc0m7naUsT
9rUU}0_}r1sn78Tafa0F{cs?0?1Uaaa713DcCssm11_b9a61sb_F997ns_nne
sD178bsTsamsccU3b{r}ame71nnfa9asdDT0_am017sem1%rtaam?nD1?14d1
c4bnaUm1%13en7cC9a7a0D7n8sr84_c0e0Ts0a781f_se1tascr_ad}9{03bd
nnm_s{ds9end01_7fbn0a%1UD1C6ba81f4_}%8netr978sam14U3c}fasmdTa
0}smaD_b1s_7sreF9cmDd9fmsCscc1F1nnaa11t8_6m8cn0s_n_TUTct1%}nd
908mcdtmnn8sndaa1}naUCd619arte7s0anm_bca9?Dc1a40}_1{1anabc7mr
7na6me}ndri1ncn_1?snss90e1Fd}_b1bmna7Dc9aes%49Tsm11cT38}mdU7a
n}rmba7t09DsndsnTU8amTdass0cs903e19ce7ba%a10D}D41nndsf6_0sa{8
s1sT_09}7e4n9b0_cncdfta7Ud1eemmFscC1sbna8m61a?1{naUandt0ercDn
Um8dU6f378T8aDUe7Cas_}s_71_Fbs}fcasf9dennnacssm08c9nn?sdanreD
9ttda70sF8scdUrb7mTbn6ndrd89canUs7sssa7r8men1_iC_}9009eTc1_c9
sfe13ana0snC8_c19Cc?na9cnaicm8D1ra_m0sUcUm_0cstm98a7Dbm}sd3T4
t{a891m_amcs0Uanef}rd1dnccd7sT39mcs7_cF784}nmd81DbsmeCnca6}ae
F7cnf01ndn91mn4Cm{csDbesta88mU7_a?0n_bsT}1i_Tc14s_ms7a4r1dt4s
msdan1f8ssbd60nT%t1FaesaD_}dc78?}m71T8c0cdrUnafa{risbmnT98ca_
smacdFa7tD9nmr}1d117nUmnFdr8bbcsd8f4t?03Dt7CdsTa1_U}{eaaabnnD
n0nd9f9Dmsn67TU7019c1tdaas_3eanc_18n}t}sn1nfCa1btm9Tamee17csr
1rnn0r19baF7i_m8m}n8_sanDeDs?s_Us0a1UsTn8}n8c7t1b?780ma1fadtc
a}8n7as}s0rnan1D8csadnme7U1m4?nsacacs6ntDenb1197d011T{1msdr0_
aneac6r8n9sF4}?_s1d{m0s_ce7s910730nsa19ar0dUF1}1aUdd0a8t9s1Dn
91nd6t_}r1_Use3aT9es4fmrnarc08_s9e7%_snca_m018s0{0dCdb_Tm{am}
asds771e8ese4n_1s1r1_da8_m07bb}69samD10ctf1atcmU7tc6}ca4n99an
mCm}Ud3ns_}0b9Dmd{8e1s6s0aD1Ddccn9rsaa17as749_}T_a3snnmfa1d1c
dt7n7me}snaa0s9ds6n1Cs11bn}1amfc47anbcDF{c1rn_ina_?mb8rfUd49s
nTmac?a_e_Ues9{a}nm9T1senatFsrnmdfbCC0bfsa00csr0d9as91scc1mDm
TTm8}10Taf8de711man40c8_6ms_dsnTa80t08a?113t11UnDrerc9escb1bn
4}3bn1010d1cs8D7r}0?amsfnmn368m4fc9sna1_TdsenU19Utrba17aT7as_
mFfcamd1sm1m_da9T{8Uc}_ncb6c3a6sb6ssenaas07cad191}rc1_t8m1c0n
8607Damntncads8r701ssfUbnn71acsdnn0cacdc9_s}1s1{mc34?b0t0f1d_
aai0b76UT7dembm_st0a_cscc7nn1}tn4D}d1s1r8ssr9da}n%cn3a8{mct7U
}ss9n07amb11{bcea81s8n}U}n7tarn18f1{aDcns6rdbF1mmms}990nn8bbt
cscTad_9U9ae8ssetsnn}taeDnC7Da18e79n6craad6r{T_{mbb140d8m17U_
7110tran00s1aUnC10e1emU_sd4n}iaDndcamcn6nDc7aU_sc8bens}s8a?4%
mbsracasUtsnd1?fDcn808_}a89{ssDm1_9Cn_n7eed01nnm98c}41?0ea7ad
1a8t8_na}an0ra08fmr1ascca08nsd6d4tnCUnefm}rdmnb1_FDnb_{_0%7?0
a61aeen0eacse1_rtss8sm1sbtn1a80n}_dCTaaDmncn11sCs1mUen9mDc1a_
Uf7smn}Tc1saar1Dn1s7aedTt1nnssmDm0s09cn1e{3%%9sd3nU871tb8c8Cn
an780D08Tca9an0bi6a3Us?aDm__8b1Ttssnmr7}9d%1mmcd8_ncC1ds}1a1b
smT8ns{cssmd0071s?0se_0caDmrmnar79anUafncas9esc}dTn19bnc11_a7
nd89en84mTeaCsrD11s17}8{Ua%0aFm79dtnd{acnrf0170U%T83aadabm{_s
1acmf8n07a0008Uca?nssm4adba8ns11sd0ac1{med07nr}bdaaFt7TC%btbD
68erUC0t44{csDedm170Ff1nate7sU1a0Tadar1btm0nUmm0s1_sc}cc7Tndc
_9cnr714Uda1smm8t9bstDnTmF1acfT1n01nrbD6ec8s177s}mc0btand0n3s
m{s11T6107d77n1n0ns_ceatnaDt}U0deir91mbcT04_d10b7ada8bsdsamnm
194nn{a17t0mUdrm11st1Dama}rss1cDdsft8ma0011d6sT7ebU7cf88_b4}c
mnc0Udanm8rctm0r139tDab1sscn}eda0afea4s4T7nc3d0dsDbs1ad1671}U
debamanr710{D11bbna}t1DsaCn7bnUscT34dTns1%a}1a_80}8n__a9cns1d
1U}d0nT8an0ere10D18bsat1C{a_cmnn_c71neCtFn1dnnea30_s}c7tm%ars
%en?cnt80T81a171_sFstdDm71sm}nnUnfn0a%Ue3amb{ds61Tc0s97rad9a9
Taan1r_b6t0cm1bs1_Dnnnd8i7{em01n1a1caD70Dt_m0Us{09d74nabs1cab
ca}im3rUn}d0aa9}68cc_4fmnae0ce18mds898e}7r6aFce1Dcms6nTTd7Cbb
mc8eeccn0frr01bn_dFn7aa1d9U}scf1ea9}_dn_1Ufs_6%Dsa7snmnsdma?}
dabsTbnaT6tnb7ms8e83narsFama}Dt_81bs03fmcaU8tfdcfd9T81a?30m71
nda98n1d_TCCndr11n908s8snUn}1TaF7mmsbU1a167_9ndc{C}7afDcencs_
mdaCrTsa001dnt7c119memTUmnt_9ss90tcac8n6bdda}{384aeaf_Us00ndD
fa3t0?_b9}s1sn0mm1aasT1tfrT_amd8rs6e81D{1mcUcn116s_0basnan0}e
1}db4ssnna7mmr_3Uaesm9{a1_n8d_3}Cad0senDmnr0Dd9C8a1afcT98a1Dc
7a_Usnb1safT9cmmn}D7_eaCieDta91893t71T{rFsbs_d0camn1aeanbdd8m
e0_%TUdfF7_mc7sef1Cnt7110m706dnmrbamr}8d90aDTmUsns889cm_cabsd
mTdrmaa0Dn6bTbmm_cDmn1Unnt9a0sb3?Cc9st8s}7eF{d}ab3adeb_007cm1
bUtU7%daeD%r0_da}an8ss1Cn_?m8en4mdtTnD1ea}t10seanfcsr61asbncc
anm9m1d0aans4{6Tc1bcT7_s3f_%0}0af9as}sdaTFst1cmm0n8nbctD}r1Un
0bsfdns17cda8dfT19}nc9Cc1a_aU80Dm%mcbD0an4sssaa9e197s0edT}rta
anm0_1tnmfm8accs0Cad41e0cfer88n17a_Unsm9ca_a_{sUcDD}6Tnmscbd9
namn_14naTntTD19s7et_aec1sm06aT049mb%s81F8}1__n_abasmnc7dtabU
4n90c7n176neUede}fsba9csbn7sdd8sbCDd11scnmnamsa0tme}83r0D0drn
n}ntr_sadUa9Fa9c6m8n01_4%_U{cC7s1_Ud1adbcTt1n6FbD0c9rs7Ts09sa
_srd?tns1s01a}c1_nntFa%3ma8cm17ba0an11d01TDrb8ceC7s68mnUa09ed
697d713Dbnds718af_acs1T8bT}asU{6brn9m4f_9mn1n}_1sds_nm40mUTsa
793fbUicmsU80_mrnadF98sd4fcTU7_1dn9}0nmdaDd8cabCmb}a0ss3b01n{
m10T47fb0s_r1}rn16e8}7n1tsdfC{bd3_ea?cDtdsda9ed7rsmstUaa_a3td
sc}a1seFd9m10s6nda}fm01__7a0?Dsm8dCans7na8t1basmUcFasf41nad7b
anm07Unfbm}e881sdsn8948sc919b7d{7scDa30mse_TcannU8nn4d}ma9f0C
7mnmUcT8sisa1fsr0{nacns6s_asm30ad6d1_4nD14nn1c0Te}btd_macDd1m
sn1s7198ct1d}dfaT11m3nb8t7cnnacas9ea1bae17{sCs_8dU86sm0arabUf
ndF4bet936C111mD1D98a7sTr}{7TmUd1_1bT8csafc0raeC7ms8abn449?70
0c9}1ssmasn%17{nba1rn}Cac09ca_8m9f9_ae1_7msmTea_U4na1en9ts8tT
a9irn6nmn11eC79d3es}8?mdn_ssbc8sfma1t110eaa9m_7nmUn{tnCd8ba7T
nT{Tdsand8mn}mcb{6as_cn99Db}1?08797d1cbe01cU1fet09a8ttssnrs8s
c0d1smmntrf}17as1dm8sr9eU_b_14bD_76m8aaa%d9a{aDdnUs0s973dn}s8
0e}t_n_bD1Tn_{30a%dD8{nf18sdc4dmme_sne1amna_drss1bseU9?nmmsda
tc6a08nas}Un_c_mmcdsb00se0Un81nCdfmTm013}s_ra{cn7s9b_aa1ea49m
tDcFsDb9%9aUn9{_be8na40b}T8ene_Uaabm3d1fst9cesmc6ambTnnnmd1t9
31U7_0Db{8acsds8annr8isa{m0ndecc0ma7mF}d9nUdD9nC8b6Ta1107da7r
a7Ce14sa1c991c1nnan9ssDsmdaa7ssU}?nmmi}tsdd3{t1}0t6cn118b9br0
0mnc9c_8_sa}79aCTe1D6nsF}0ndTemtsmme0f44an_cUn78aa0n4rsdtae%7
n0mD3nc7UFs8en8rbt9bnaca0c1n4d{Dca0_s7mT1m}1ad9bmTs96_8a3nbdm
f4e90a489_Tcmmn01_CsUDcnU17s11cmsTa_8}0dncdbse1tDac1t8m0tsrsi
tsarD039ac849bnn1t6amdaftmmseseca89cemds9_nTn1dUn3br}17asFCti
1sUbm1119asm4_anF1b7ndes}sa4_}Dt0ndas3s6cC0mf8a1n}9de0d8sm0?a
bsmb0C8T60e7nDnat1d}a0a8es{_smnUTs0an_8_am3acstmsf1rnm1Tme7nd
8}e}6as1nb3C_DDassasn817dbfabaTTe_sa8tc3andc190rsn{Ucnmd79ma1
7nnrdUna?7b1bcm0f1s0D398ra{a31cm1mmD1}s0Da_asFcUnf}_m?n8b_rne
?41{0c_Ft9Dss7d_DU_1T8}1r9ad4scsfb4ma17sa9areFn_9dabtnTam69ae
70b_8_mr011893aa1d1eT7Cs1Ds8ad}879Utnmacs0accrnsti0nm6U1e0asc
8m1mdtsc1}_snn4n1nm9U1ac774m4U1acrn9a09is16n8C17e8Dnren71T0sd
Tme7001edmC196e07adFss1c9ei8d{Ut0cf74rms1ame}8ss9ab7ar__sF1nn
mc37a{dc7cse09?a0nd8mmfas1n}Tamn018t6creTisbcas}CFsUa{81UnD7_
{14strcd_marnann__89ssnFn1s}Uf1m?16_3_ac%m6afT93bsd}7cd9}tc7s
s81sssnb{a8m6Ucc7de}71a0aD111bnfs37}mTafsdmrmaabn79C_demn8nn4
m_71D_ssran3F7d8a00dscams}mTa%8f7n8raU91Cs}n47300t}0n8786aecd
FdmCs7asc0cnd9_cU11%df7s{nsa0ts?mn1m8}bD8_Ts1FTcmbarsne749e_a
mdn0dcr1a_a6d1b8rd%e7Cm1mU_aa09nmba}99_c{U__Tssbm1s1aDa03DTs1
?atn}an1}m3mcn_07U81aas1cTd9_rsDfm19Tnsem_aetb8n9a1de6asre831
}61anmd87e}7csn8b}sTnne0Faadas6c0390ds18f37b_41cs}mas9rDsFUTt
}c47ndanD3fc}7D11T{_Usrc6n111n08aa?}a7CisU8acs0T19bn_t8_r8tdc
nc11a7}UD8Tcns_mcmmd380}esaatssT{ddd{tCe1aa9ms11_0876ancs6rcn
?_a1meD}b7dCmbnrn3c1amD7}ds_9Us%01sccnee71a4cbmntmaa1_71d1a?_
9ni78s7dma9c{618ncsmaUe0fTa0_3mb14_cn88}n0CTm_ndm_4tnsm_srsab
9ems0DiC%Ts01aUcei?1?aasas1ms87n_c034s0cnn91}719ntb6annndmaTc
n3nsa1e10?UTaasi73cCfbb68{sddtan1dDc1d90D0m41s0r_eaatnTefFcmr
sr4e7n_8mc7f1}ef0ra1raas81{eU6}b1nCcsdmC_cmTc90DTaa8bsd01s0nd
4d07Uen}0nmmfce18rD0?0s_Tcasa}0_scc_b6se3aabte?C9id9bt1aDnm7{
8rccamaD9}9s0sscd_d1neCa0rcns84a8ncm911dnttanic7cT1mnDsn110U8
0db81a9dm_846_Fnart78mc0iD0smmanb1_fs891c8}c8abnnc3a%TaU1Dbcn
ba_9bCe%em4a9f7ad3d}87rsnD6}0T1%aen7tcaTdne10casccb_t41arsU}8
1Un%}eD9nmaedrr61a1n_cs1?smDaasr4{cemfnndi1da100n0scnnT871}m9
_r7a71s13ib6s1c?m{nne}8aa%7dTn0d1C}8rmm0baUs0f9ma9b0mre9n_T18
add_}s1anT%8U}d78cmd{sfcar8aaddn609m1_nmbCsftcaasrmUnaec_fsbs
fand10rC06%dft1n3e_b1sDU1cae78t9c9sbUnn1?}c1arc_9nabnsc9_7a8m
msnnd0ca11?7rt19d}688bb%{1tmd_aba_4c}D0fUD11ascr{90sds_afn04i
cUnsc1m0ct1nsa9nrsdrnsD0t}6csU14_c3Cn}9nn7rm{ar178n10Tb9Dc8aa
ar_s8a9Dn1cf1t10e_d71amca_7_U}T31{{sTad}nc9rbm6nimet0scnTf38s
mnCsns_csad8a7Dm91}_b0b_cma8er4eb4dn7ns9c11}8dmt8n1Usst681?_a
e3tdCd_UtmbT0cbd1emsc7c89D776sar8nnaDs1rabfUaa}8aas100dc3t7a1
c19c91smn4?tDbnsrt_714ssUrdacifn1nd1Tm0?ta}m33s9mC{Ts7sassnd9
}_87{danD1atn0FdasUsbcsna6serbmd7s74smbc1t00_1sicdimn_mramt97
nas1m_nrUb0rU8e9bc1{s71_Da0a%ssa3?7t_d9Fn}adc00dd}d84meCmrTn7
nbma}Dm8rs1ts86nCcUnacUssa1b1r_Uma7Tmnn0ce}a7dfb7{9n3%ma1i398
te0s}d7}Td7cbas1t1b{a79nU4d1d_a0aT7acd{1sa81D9sn0C1rnm_nnbnr9
Dras19s{41ic8nb19}b1taFc70%n4rUadd063_asUbsanmmnm__s}_n1n7_s0
9T4r{1t%mm4_}seac6%a81c08n%18na6F70fdmUc9a1ssrcmf%nt_ba8snsDe
}s_m4in1CaUrdacbd8nT8_n9m0t{}_D{83}1tccsi6nsa1mn4enc7Fsm0ai1a
a0%dfs?bdnDCn}17sa}mmmse{sT9Tnt6fn9dn0itcUesU_s0bncc8nm1Ua8rF
n19a7d9cdnacasmasc0_1abnDrme__0nrmUmnT64?1}_Un80scd7_{d719csb
adUb9sftaFUDc1cm{b7ct_d81ms9rt0e1d081D6nn13maad}c}1aasUdcT}nm
17am{}d91_b1f7crsC1m0a90094%cdeDTs8nn16nc}FbU8}nn_ettas{4aim4
tDD4r0b8a1bssrme7dc8as}nendsnbanac6sc7_s4Ct099aCmfnTds_Un?m1}
rena0trsad00_980m7T9i8nfa_basbeda8UsmadCsn64D%TcmD1e9914871%7
01s?c9%?nm78dTbatmmaanDUar3s41fn_sdm18c0i7c_d{%es1eC}sca79961
7mDen008rs1_fat9e6t11Ca4i7e_s039dn0ne}ad_s8cTc8cUdan80m_d0br}
scn4s17401Usfsb}sbdf}aarrmtac_bt_tnc90n11_?cT39mdUa08868C19sm
1n00mU_ammcaT6tcs9ram8Dcrse%s_a}b6D08m9U1e7d1011d1bn}n0Ce19ad
D8Ua8_%ec_faT_td6088msmnaTa7a1?1aCta4{ndC9rb0bnd{cDa1ntiesbsm
0c1Uma0e}c7_rn1bn?19sc97dDmeF1fTn_tta}1Ub_aa80rmda8sFsd76nUf_
m_feiam9am?csnca811fafm8}dare1r6mCn_6003_1s9ds9s30_8nacD{bUbr
Fm879810ece1aT11DTTr}F0ts09cTtsfan0Ums7f_msDa1ncnamm791n3_ddn
dm_01t9mbsnnDn_sdnTd08sdamrCr6cd1n9acseU_79eac7{m8ti0}1U3nr0F
t7_t7%mmaemsrCn9Usr10s{9csTenaaen}c318es061_b8bsDmaaemn4cs1dd
79?rar7snaesD}nsntb0T6da09n8{1tTs3F_8s411mai9bamUb}0Cdm_an9d6
1ssnaa31D1?d_1a0d_c1ncd9ftT9anbstbctTTtFndU0sm}Crdi01dfmsan9e
dff1746am9d4ra0ass7T{Fn_m0bd_s1c6T9en10bnsm8U9rs0Ud8tsCrnndD}
s}71ae1m?im90Ucc9nDdC}{arn7%ntrs_m0adsUr9mmsb}nftcnfnt_a00e4T
m0s10n7e1?dtT_abrUs0_afa18ssT6mns}3a{n3ccF}nacncDdssnrD_4eed1
m1afs6nnme7csCtsDcadi{arnnr_aadmD03taan0sc3a7ne0n17cU}1f1sdms
FndmdtenD9csFUm1adc}ms1cs3in8e01nn9tcsTer}am6ica07en8}s0t_9nd
bt1n4_3r_b8Tncscse{d%?smce0a10}nmit8}dD6191CnamdeafUcc8enaa{a
1es94n{rc89en1anm_1}%80ec7rdde1aassd1fmUmda19nc9n}0mD1c6TtsTs
emm9es%Dst97d8ranTnd1mmna9i0fc7s878C0}1sacc_UaDa1mntUfcm93Td8
e%eUcb0{mDn0989Tn_0ted}1sda8rca9aC_613Dmd7_mrn1st_s1T7scc1a9m
s77aCm8mc6na0a49nrCdm}s1d978tmm0c9sbnstn99e}_U{TtTnDn101e_fa1
c_acnaCa6s_1r8esTnUT_ar6scn80Tr9_}D%d}10eacm9nsU{mmsmsfn_iF7U
{cimtnd}9716D0enTd74Une0d0dm}nses_18t4T8Dac3?n7s1rrac1sam9ds0
1f8e80sn9bsctbnebnr7msma_Ta0sna1sic}8atc6n0d1?sU0C7aea16mrae8
r__1scardteteU0T99n}a}snnss4enmD00{Tab%nd8n1de1D861n7Cmcfdmmf
C7_D3addsab8rtf1}b1FdUm8ctUmas1bTnmen0bff{Tamc}s1a38_7nnsc97n
sm16r8aa610d9t_7d6a78s30{}91ssU?1rn_nafbant9}bT1smmdncssnetca
mntec7ma3Ucasar1t611{s9n91}0Tca018sme_cnd1n4n%ss_ad8rDrTfnn_3
nfn1s61_mm_e0s1a{iTn1Ued_bc4019_aDmnmds0U6n39d9cTs8att8bc7a}a
Us8bc_TcD0U0asr7m1tem11a807a_bddenenT1s6d}1n_0mctam78snn}s4da
_aCD4m8aUemcnmm8?11T}nesa_stasnd6r7bs090nemnsU318{b}n4sdnDcit
171CUF7sT{0ara_9d1scmsc1anaDcDssne1_n8m048dds9tmnaa40}mTd1d_}
des_Ts10rn8am0109Taat11t?Ce9s{c139U64d_0FnU30ssd}aaabm0br%dac
18bT7nn70cnbtUsd1cC}sfbd?s1r_9{faTm_?n_mn18ac936rtceDe0fTsd40
8nsfsnFt0Uba_n7a9r%_c1?8crsFTt70%%sCaDfsm1mcannc}0}rs809ma6cD
aU1Ciedsd7s1mrnc7mann1nnm_t8n40}taa7690ds181Dn}idCe80aUe?d_8_
nb1dUnd4ddbnm0_mmcdn3?{a1i6C0}s?nt8DFaancs70677ce88rscse98ame
aeD4eradimem_018nc1n6ctcs01sb8dd_a}780csbaCi80snn4dmaTnbUTtnn
_aaraT1}_61_bds03snfeeUDdsemacmTn831i1ma_amb}n694nb9cd8nsd7?s
nmFt6cacU9bfadd84Da{0frnn111eamse0Ts0sm}}ssa48a_TamrDbmC8}7fn
4sa1nDc0Tn%r0U71m9}9t7_mb7Daccm11a60a4sic9n1rtn_bd1m_91_s}t8d
_snracs9cms13{sb11s_abnTd9}ma_8dcd8Dmnsi6Uana0aic081bne8Dm0m0
DFban}%0s117FTsc8a8nm86tdt8aT{Cs_}s001nDtnefenasm0U7m1{?mdn9r
4ns6bdac3sd_7dn8ssTiTba0ismr1f1aaa{ae?}_ntc947s1F0f01Ub3acmnm
amm0taFne14ab?U8fC}Dc7d8dssrmDt9UcsaT_7cn1s3s_a0dUtanr68181nr
C0anamtDr_e04cdT1U0itc9_T1amr}f?daa{m3s0U0D8}n97rbCdnsd198bae
07nn_1bt1b{eaaa1nT_0mF7sstac0rnmUt8n036U}9cnsfm7m01asam11894a
FDn8n1mtU34mcm67fc1}asmda331ab78a7d}fsnd01aD1ene4s7nm_fre9sT?
1ae1t39n{srrsaaUtcscaenams9nsm8de4nr7ba17}C80m190ci_cn_d13aa3
_{76fb0Caca3c_9aDTns_rce19f118mnn9bbmeta}rd7mt6U0cdn0na9?acrs
n40}a71s3ntb90as4dbatt8sb?%an1Uds0eTnsa6cCcmm{fn7r8_sm7Un10__
n981ait_ntcncssm1{4}6U8b6a80Une}aaT3a1D_1d0s1ceD__0nCs1d4{81n
nats9_n{910D48t3faff14}a7e6di9n7m1nmscm1esmFr10Dc1b78Cf%Usa0{
{081ssa1U0csUt%ab9s9Trs0c4atb8661di}8C}nde7ma0{1d_n1FcTdam1ts
Cm99aaca?TmD_n1tm0ts%61s0c38Ds1Uf_fa_sn48T7sbnnb1r}{9sm7sda1d
msssmbfTbC_9_nnnn71acmsstn7ncd}sD1at0f0496}?r991FasU1a_F8108m
491aUd0%rDeF0c0r1ma9{n_st98anTnne971_bmdcm1__n}bat0}a0sfs1da3
n1ddssr_70nn{?i_aa6}Cn}1f0sm181mbU0990Fa38sa_dtca4tncCDmTscaa
c}Ut7m9nc01b0Tssabnasmmt}nb761rrsTae6ai18stam8n%1_cF_faDmmraa
msasdnm7084e1{n7?maiCdesc?1t1c3_913DdafU69mnf}ecd%scaa6tbennb
b_0a4Tt89?saa87aa0}nTUcm1dfr_tmss09ea{6ddds_dcnCcn9D9sb1dcna1
fddnb710aUscr0_c}1?Dae8b8stmm}a4_0m1s7Dd0_na_am_60_eT1nn9{sfc
en170{_m}1870saanaT_7Cm31ambsb84dac}sn1Ubcntc1tancnrd1Dmd611e
tF8%r1dU8stFssd_aafcn41_7n6aacfnmT9c_1ss}1nnsnn7aD8?tsraf087U
1tsta_abnT11daamnbnb0c}300}f1_cmn11097ssTe8sU_8ddsmra7nc8nC_m
a_da01a%C8e7d}U7T_rt8dab8sec3mm7nfn90Da9sn194ssm%1cd8fanrtbs6
3nCcdteef607msnmaDD1{Unm4_0}aa}sd4ns}s?9an1_enUs170bm9atnfd8r
}610asda0n%0sn{r1f7m%bsDm%n_e}a80U7U91b7rsd06mc11dT}9n1td8aT8
b__sn036U11naes3e1n}001sU9snbd6fn78c_r1t0c17Dannada8as_ffbmne
da01nncmf9sFUFsr37_ntDC19_idsm}?Dn1T86}a_ras481n0b9n}1ecasd9T
0n{1ab_sam0s0?7}18_mDs}d3ec%Fdsan1n6me0d6Uabsrm14drnd9Tsi%c1a
98_8?1amdmn{1e_11trsU9bcce_Tdb_nc0setaass1asd7nD3r90d000tD}s7
c_7mcc14aidrbta8cm}U6Das098snrT7nt97?dtbt1a0a_039}U_s}e7s0ccD
en7a3f4nd1dF68as0mt}n{1m7319Udaa9r1}nm1n084m6ab0aDsdU1a8DaTmc
mfaD30e4e17108n7n8c09cse0FUbncsU_0sa{F}sa8D8Tsaa%61cbn_b691aU
7mnm_98aUTmtD%0719ceFc7{c1Td0snnnc_8a?mdb1c0naa8}fn_s7r19ebd4
m0a4m1emin8}b0U0a}bsDsnsa8a10a7{0bnrd_T3e1}46_c970__ntfd1atsr
6_enfm38_t469e7ss7sTDnrs401bcU1137dda8nr0Cmnnbc7caTanc1nafest
r0mnc171db?{U9%ammt61ddsnsndFb30c{4an_nsF_bTan}smt81acm1a8f4m
4nia0103UTbD_8c71Tm_m0sn7sa08e08n910}dCnc9mbndeb?as73t8aman9s
f7rfD_esfds1daen3TfD81a8cir0s0c_bam}m1r4b911dU88s0n{71n04Utsa
s9b0a8mDc8Udemmnrcsn1m}1aamc}n{_C7dUniTstF7t6a9s1nse_?88T9a48
_7cb1Te6U_}ec4sbabmt{Fs0D10_aaFseC8nm611c_sam8d30UCan{7sn_nUr
b4T_1c7ssn11s7sDrC007dm68r9sa_dmU}msDa34n10bncc_7n9tamdbsfabd
rn{U8nD7sc}9011?6C91sd0c48rc}CTUnct7a8ss06dmDaTb1en7tFTa7nasc
16acCc0{87rtmc8rdU98m3?cfaU80D04ar7_7ansa%1_s9f1c7T}Tc61nfDn0
a8cdU7n1Cd10bmabnmmbFDsD1bT8nrs_s}8nb08neat8rs{?a80sasn3}nta1
1nnaUsb0ba1aamaCmtn}9ct08e0ncdTaDmsd68tms7fTsac9eaDs_8_9m4rfs
mmarsaa4}T1s11_d1_?da1nnstbbmcn_nsD_1ncs0}s7Und078mCaD61i7n1c
fm8{_7a0?7fen1mnd1naUt1D0b?6nni9aeannfd01ncr81Tbsmcs0a_sa}bam
c7nn__fana89Dfsab97se_smeDncUm1_1d41c}n7}F89Ts01ed}{t0UCrndd3
7}bemTa_ds7a981am3rn3a0fdbcsbam9ssana_1sD00fcra8es61nn}neU_n7
Cmec_7addD{U0m7bafsac}1ca?se00F9m6se8sn907d9t1bFbnad1sec{c1rT
9cemnm_nn7tnc3m068Ut{s38ad0s_}74e071Dda1TFa}sfa4r1rcem9dCmb8c
83Ts1rD}n_mfba1c9ttsn0r0Dd147UC4afanc1{m?a19dacn8rtanaessmT06
T%snb4a{a1fsce}Fnr}Ui319eaCn9D0aa111mtddmTt3D9e8ddeccsma}nn6a
D9sn_07snan7s%TdD1cnn9e9}90F9m8%ca1racf1cbfac_Uem0U1d0dm9etrt
ar809a1dmranci}DeaDn3c07dC9_m}b?sF7n61fs{8n0UcFb09%n9ab1amtfc
_nnea69nm}187Ced0an8c80d1_}dac0aCrn4n9iass7nmDb11tdUnc{sTeb1s
nmaeams7ain%m77eea3n}e_4s{s9DbsU881tnat{9ssndrtcD8ddU8f1scaen
{tC7rTmC61491csc1nDerm?}mnD3aa}fU1nnnf0nbF38s0bi1cssD_man8sdd
}6_Tmb98087{bra1T1Cna}1nUD9i1Fb0cdcb0d9_ns7a93sm4n016mnsd__td
1_}crb01si}8am98rn7snna30?93a1bsU0m1sc9sUaamd06174rcd8t_dsm17
s99cens8}Fc?D1nsba81F_4Cm0daa7U_sada1mc9ndnsrn}7_aFrUtn1ns08d
{daTU_n7de40m198c%c006raa1}aadt8bmm1enT1s8n_sc1smiUmr8b17sDa9
ne1ef71T0t17m4ntaa3aads1}n8FmaCcD0cTrrdF8a0{m97UeUaec_190as1}
na1sc}a}_r9dsb07nd9ssb%n_e_as1atnas1d_1Da{dnT1f8U%Dsmrc7cms34
esssnneCcfnnT6mc4a009D{1r}09dc_191nb8_47c_3cdt_sabs0_8UteaUd}
ms1n7dUF1C0m0aarnans}648ndrbc6d_dme0cD_adT1s7_ab3m0c0n8ncsnaf
1eDF8a11nc_dn_0Faa91_4aU73770nsdemram8eT9Uesttnn}0c1}mncmbdn?
UcnDdn?a7e4}Tc1t_3__188nsdn}}10s73annU9s0_649cFaa9smTma}d1Da4
m7brc_ndr3aDsnm709eea1}s1s_8neabm9UmD1a{1ae9a9nncmsT_Tn}14adf
e09dns9daDe1a_ecsn8dbnamrba6_nt_ds1mb0nn1a3a7TUf4{}0%UC47m6cm
dcr?Tsa9Dmn18ndb04ns17nas9dacbnd{8sbane7U0T_ct_FTm0acs4s0}s_%
Tn_Um9as1bdn0tCF7fcTn{ecf04b_i1atbd3DUnmm_s}c}sDei807s?9ana4a
{e_nnrcesn1T}0%ranrs1nddcntn9T10_s100a1aU6cDaC}1ca_a4aUd9m99c
8n1f6m0n0s0senC9d1d_adDsd}0anarnr0r69nd?atacn7rm8T_8U0ss}s1Tb
8dd14e7a79r8m}701t}ss0319ansnn_e91d?Um%6cstnmn10c_aC0as4fnDn1
_89a{8sc9nma70%cT{1%eanan?D438Udssmdn_ntr%bf1a09r18_}a__ed6sc
tndseen1sbmmrbsmd1aU7s}nnndn3e44c?m0nDd_91d78Dce_67anC3aas8br
}icnef{7aDr?_97cfF968sbn1asem3d1a0n?c0astdn1n18Ub4}ssmbsenda_
ac1n60Tsdennn9a4st_98{m1sacs1_3_d1tU6_s0ma4db1}8}ndncr81aCmt7
nDD7}9a6%?dbcaf0d_7dat0aUm1n0scebT%smCesn46_s}cTs19D0abU?71br
0487Fs_911sneUeb_a0msmcc8diamsT}t17eCse?mna1%r9n_nesDDsa_D7c8
nn0ai{fmn76}md0_r8r}ns?n1assb8Ud1dscD_c3sfa1rm_93901s_sTmmTm1
n11bdda4_Dn_1cn9ama1UT3{1Das3cssan8b049dam9tt}8}}fm%n%0Fe0Cns
4adCdDam03as7nas6{s}}_smn91dbcma?17UacTn0}eb7_0cDnnm1r8194ec?
eeaaeD4_ms9?sbec}Cr7mdDnmrm17a1nU?ntC04007dUbnacF9sban_T8bmn6
d1T6a?0Ts16c98b01UrcCasm}assnbdcU%1_stn1cnad8cmf7sfaee00aa1d{
ancddn0mn890sba6d0sbU1{ss8_113aT7et_aa0madDs?mc8m1e}rms08e_n7
s0DcanDnmsnnUs7dbfa01s4mdd1a}nen1368amm0F7c7n_nsa?cTCs89?4a}s
nFtdD{03ee941bmn7t61Ci1srar0nacnm}m{d}9ssanbfcDnUs901ta8_0dad
D0F9n}8san3ncsd8dt3e67naU1ds0a0s9ec}}9md_csdt4rae7m{_db?fbar1
90ac}b}CFs6td80D{cn_d9nd1811sUnec0Fbb9cacfr8ds_n8t7fatr3rs{n7
e1}bm7nba_rsib48sa1ad0cdUnnn18am7c_ns39m1971U9enCa7saa6_dcmTD
%183tnndDa9c1em}n73{%_nssnm?Tcacct10Un}ass11sc}tr_8a1a4r4raTC
7nDUrdt0s9?sa31asn1Ca0n93D1b7}8nc81n9smia1Ttn}{{96f1m1Ud_m4rt
sF8ecaaDmF11ts_a8U}nn19mb9%?ts6ibda7d1n0ma08sic7nDdsa1nc3fa8r
c10bs_Fea11amicnb0}mceU1Tc87nt_cs1f9as69C?CmDa9_rcds14t87bn9}
nr10cdDnatnensdanaFsUas73d7Fms0tca}13eD}a%4t6mc?bmca09{tab791
mnf}iT?e8Cbe7_a87d0a96f1sscdcsdd09_sfa17nDnnUaaccr09bnas4t81m
Ta_C47adc0dcm8nm1c8UnbUtred6ad}0s048r9Fa}9mDbeDnsbfef17aC07c1
tbcecs_reTa9eb01aU9fF888nd1ta}r_ddssDc{n?cse0dma_1f_s170ns1}e
Da34asf76s1mbbac7D9rrm_ssc8af9U1adn8sdd9_10nbtcta}imrUT0n0Cn{
}nsFda{est30D9ms?fe719b7e%0rbmU1Tm_1m_rcatndC8c9181nUbmd1s1sn
%}Dbc_6c971n1T0Tefbaaes9}1sDsdncsdmt9_msn0}Un8a086Ua?sF0T_0d%
T9dca70sUFmbnemtccn7U0_nas8rn}1a1sfs?d1?mCtsbafD8snbacd9D}a0a
4D6ncbann7na1{Tfdda_d1nt_1ssc71Tam10_m%}eUn1acredcbr0benFe78s
cca_8nncc90smsTt8C}07dDb}t36s9eUn0scasaD{a}94fd1m6n1_1e{_m18n
6{edbfT{drrUd8eas_09ce9an1nas9}s1_a0esf1sCFc%84d1Unnc_}tnisnf
smei3C__aDbnnU6Tsnc013dat817Um1a}mac_cdm8a81airti6se0{}C4m8fD
1a1dnU_m8c91bb00nrc8bs49nesm}assta9es07?ma3dr18D90c_nUc?m163a
9sdtsTa_Un89Fe{_ccnbdc3}_sdrsanc_rb67n9C{m%U1a_mnns478Ca9cact
sbc6n?7c}ns41T80d6m3CDU1ectcm1Daamdndar71a1s{}t80afn09s_smn4r
%as1s_84dmmn}r{ne4D7nabsF6n01UmFcsbns6d11a31T4nnnda18ca9dmbm8
}sDsU90c61a0rm0ad791c0fcf0e37n8ca41bs{da0rn0Ttbmnnecn_sD9ed_e
e86an7a0Dmeir07n1b9Dnst1Unmm1mscs1098rcFc}cTa3b1ad0aea7dm078s
mbm1b_dFs1s71}1TD?8a_s{0dCdm7ac}980n96tcan1srr3Ua1te1aDdbadnn
add0a9{niits_Tm0sdbnaCa8taDmn_91sD7U9d3}0sb}1fn0nnaTcc61cr7mc
ar8cdCb1cmrTT1_dUfsnsnfrsan81_}sacctD6%mdsadnma7F101{nn7t0c7m
sa%m01t8_7}ma37a{8eF0c_caaneTbt7fs6s8n9UneDc0Us4td3sa{r1bcad1
m3e1tDCsbdaeUd1s}teTacrc7}n01m971}s9fsa1?mna}m8e{1s790ccnt10d
16aa8_a01C{as6baceUmr}1ms33rm1ddns7sF1cdcncd}anrT9d04tm018DfU
da8Db041%87cs_fmacmr_f}9U3smc6_nabt0nDs0m7ddsUt11b1rsnFTa}Cd0
4es}f0CmbdTscU1tn10staa1nrDsatTa6f7Fn8s1c48en}e0887mDn%s_adaa
963sdf_0{f1snnC881}arm41a139cndm0st11n7T}asdsTTttn_Us7D8mab13
{_8ds11ac1e9n6Dam10%rm1r3tn07nb09f4n8emaas10U{s_98t1se7nn}msm
bc_c_D9sfadTn_c1ba0m9709}snUn7md{%ans1n_8nnn_rea180dcc18FCmT0
rmn9D8b87?0nrn4cce4af10mTsd}t1sads{DCa8n1F1sUms9a7das_a1c0a1t
ndUdaCs?7tm_1Dbsbs}7sad0b%8aesnn109684mmtrd1nD9fFmas43Ts90c19
m9dmred1r0a1dba?s003csc9ne}esa1Uen9n76a4n{_aD80_b_a8n_4a8?{73
s7m041d6asD1FaCn00?asU1ac1e7ds9fn11nfc1}br8d118sacF?0enrm8sc9
Dnn1761sdd1a}amaUa1dr4Ue8}tf8mmfc4dntF_798n410snae{1Uts8_3Da0
Dt_a19bns4bm0c8__sdnndn1s7}fmm8ssr11e1raas3FUCm{40U4atsfTnc0}
nT9ceaiems7Dac9rncsbn1nnU8dm9Dc0n8eas}scTcd}fC6e?r_bdsa0tm0t3
1n7}ca6s9TcsU3b?b0DfdasC71nm}1sna9ae8bc{_tatarcme}18si_Uencnc
9_anT8Um38drem4mac7bn9a1acsDnc67d{e1ande31b69s0_nsisCi0}nanea
1s0a%189e_fTmcn?311cbd7{brt0rt__s}3n4cU61d8d}U7s1anb0iaDescmd
DUcn}etc9cr01b1C8a1t6n48aTmbcm1dds_{Tnss1ndbn9nc}ma7i90caa1Dm
tsT81n6rsen{scTsaF1mf00sn74ecs_m1cdn8tUs0nia?b9b}D9atc91m400n
nmb1ec1taa8c0Fbc8nUc1dUD01sssd99racet9Tn6sTa7i_7{11s7dn1bdam}
{n9sCUs09amca}m8m180ns8nTdtb1astce1__U6arnmrn1UDm37D098t}0F{f
ss08s9d{4tm1nD}1d}{mm1bm7asa8c936btcncU7eeFra0d9mm?9_1_Td8adU
s1rU__1m0}9cC13a1m8dmec1b}63eD0s9adndc8n8abT8ta?tn91f8amrse7{
U17ctn8d3d1a0s1sCsdismaf8sft}tma0nm81m}71T3n1c?s01ne7Dnsatnbd
9ac77cfD1dn1dnCTr}1eaem6U9sem8mb0ee81{raeb7cTdtast9nbn9_1nc0n
n19fi791Ua1cfTn0ac1DDaancmecn0sa_msnd1cdrmt1c61T89reCcedd8m}8
c40a6n38ee1dCnFrDf93_%ndrm8saaiddnecsUUeamnTa1emsana}s9Tste9e
UT7i?am_0ns4e8a0ee1b0dm7Tn4sdbt6snsn1n}nU6Dmdddbab}ca}s1ansmt
188rF79e_C4nDFs18_nn1sae4%dCa7c1c7mn?3stmnd80n10_mc_t87}T7a0U
1}mnrU9f1amraa11704ffe?}t7b0nsFaD0s8ssac6nn0_a_t1831fc1mC09{_
T9TaTaF7bs70mtcs9cDc1crdab10ab9mbi%a1sn_an8anUns1}_ddcs0fnnfe
F0dTm1DUsn}Da{nn_d716c9rsaeas_b8na1nds01ma9et?_e118sCmd1mr7a0
13f}d81seansc1e8mT6fUi1sen7a1bsa{amrmDsnTts}tmD19Fn4acUtd109n
esrc06nt}01mta1eUc0_aaTsdrdmaDssa_T91{cDdm17_3a_n9n?89a88_ffa
a71see6n8mnsm0s0as1c77nnrms6U{_e8}3dFf7ae_0448a87nsddsm1}sc8e
1m}r9cs1_7na84s}cU1T70reD{im_tn3rsetafd1nrFD8n00s11a11cncn8d0
as0cabT}mmns_1Dncs{an89b}7bem0719d}0nnUedTnUs9a4sr_ea4Csm0ci1
sds8bCmbb9a7mTe4act_8cmcse1nsm%d}dr1ncd641n_r0DnssanUDai8907_
9c0tsnas_d}f00a{4rabDr_0afnbes03t_n9s88_m?a%T0eUms6sn3Cd1n118
b0_sU}nTbFm8n_C_a_7n?rmF4an}ntdtcf0idm0nD7DT81ts0{ssme9asard8
7b8b1100smsnDnc_1mraimcr4cTU9bnd8me6}0da}8U1nmaFcbacmndseT1nc
60amccU9e1C0_me98rsc3c_47d}nat894?7178aDn0mm11anCD_1}n7_ssa1}
c?anDaasrn08add3TfDbU0taesUfcs8am_64Tm1m_1n11m?cnn01cnsCa09}c
m0nin1isfbc?ec}msdmds0110sa8Dbn01imsDCa?18sUU_e9rTa9_aad6a9cb
1n8m0d10a1rm1eass1}nest_c_9fD}s0md6asU7mbsandnncbrc_an?c8683}
d7078btf1cncss3aaU1e8da1D_TrFm9e_msmtis4s8cam9Fea6}ar0nsUD%11
mddr09_ann1}61f1D0ns}sbm9ac1aUc1c{1779i780am_s00s6st{acsm?9ds
9Un1daa_T_D9n1n16nn0sCDiUm91Tcn7ffc{m0n0t3s}rDscmdrsdafa8ma_8
cmnsbe7tCa9430i8ndts1U0aisT_9m_1aces1nf0sacU4e9D0r8c1nm}?trma
66n_19}{m{tUbmf07Far0Cdcm1Dn0efse981c9?e17a0cc4sdnm1a_famtr8T
e7d98csmUbstn10mfi8dDF1faU9aa{718afna_crD1Tc00ma}sdsaT40bmn}c
t6nm7ed38s7{aamcs7r}cnbnF}40ssnbUmC7c9an8rDesc}1TD90a8md{c8bn
6m0n7s}a0Dst171asma1a4U9aFsnUbd8e3m4%a?msb0c1cnf_489{t18Tatna
ffs91CU9n116fataas_1sb8Tr0a1c{dbsnfmcmnD78tf1}1s8mDseta_4aTin
TrbTaac11med_t61s}0f?0D3Ccat7d8n7ar_F8sDUnmd7annsm0am7c1_}nc8
mUr01sc{}Cc1dmDasUn3mns9sTda7ed}b4e}adaDdr_0_17C8n?n6tns1cs01
_8fc{ra%dan9m7%Dsssaca14d80n{1mce106_b1Uts1b_mna0}cnna1}Usras
rcn7a0Uc09tan9b}91e1sC_a_fm11s8fcs1sdnbnUas7cffna{}48_sUert7c
nnnbDciCc6sc90ad7}01UrDa081basm1dd1reaan{c_mfT0crfssnnb81adnm
087mUnndes6biC191nTtdsrnas1_a08_}10nn_cb3cabaamc%1s1711D87msa
b8eres9D11_0dac_a33fcmcae}d7{n7sn1460}cian0F_79Ds1rcnaU01bcC7
1b86c90T0dansssDc099eC1na1%rmsm}cda_0TcT6marbsena7s3na4sUTaDn
ne1nTFbCa}ab_1aadmDe1Urs}1nma7Dc3n1d?Cm01a41eT_19_t0n0s7c0ccd
80{idTbFsnC9ceb0n9}stbn6n9aa11nsUatesa48rm_1mmmctc10mds0based
97msa_9aenm_sC0dn7d7eDdesba0f1nb}aae4787n9D6Ur0dsd61nns8Ce108
7c7Dsn1atsnam91aare{0bacm8a9ds7}aU9ee3sftdrc8e99e1nns1sa16Und
mc3tUes7nc8r9{11naCbef1d6sf_9nn01ad?d8sT73_s_raea{a}s9m184ans
nTrd7dsFnmn11sme81}b_D0Uesea_0ci1?}8maama}n0btnbdssds831mr7cc
e{m1ncD_nms}1ar4sC7}DeU118Tb{std3sCaUnn1rn39t1md0_ecd6fbamTma
e3mdsab}D7d7n71bFe004trT9a7ns731tss_DncC6td1maU1fdn{1ac68mrac
r_14Dn4aeTmaC0188mUd0sn_cssfta?0n_?ac{0{acTt}st11Frd6dDrm97c0
esdc_}ctaTU0Fan7afTm1e4ns6s8cn08r_c0asamecd0n99b1ms9etn1asiTd
{bssesbemtnDtT7smt9nm8en77aT9nmUs1aa8976}101dn881n1a190cn9sc_
cnma_16d78cr1nnFa8Dam81{s}91%ssamscsT8daaastU10m1ad69aDcnb01n
9snb90ma8_1aetnn3m0c1}Ts8_mc7{aasa6mr8n19Uabn908DUTe0s1a1ddd%
a4s11na{n}U81bnsmc0aeda0}d9rb}acnDsnm17asc19T6fsnc_srn}m8181d
0fnnnD_ma}9an1f0_tb1719eD7sa7}0an1astcbicF_db9cU4m181e8s?_msa
stdn{cdname1nra_0a%7a1_T_dUd9a?rtcDndsanD{8_nU}Csse689t01e8mm
80s7saamcserUa7}0na1mDT0aana11sC{cd_D?010T7m9U6cdc_brt37nCsm8
7r0m{c69cssFt8e}Ua9{nsm3n3baben_crmc?TaDsn8taUn_dd4m}9791Ds01
tma0nccm00{1n9i1Usacsesc19ac}msnU6tc%88Crm_1ad3d7ssat0n0%90_a
ssscd_s87fccDca_mefdDt4U7am0saaT94sD1s1sb4n9tsr41b}a80Un11e1m
610am7dredmdsaCn9e7rtac0nac191ddt81ss1mDT1f7dc%naenU?cD71T}9s
casmD39ne0D{1n7se81n_dfs0d10anc_9mb%1radaaU87d9Crab8T71F}n4tn
sra9beam6C4am{nb}cnssa07c_aU}e9d_sn10s11Tdct9Tn8Ddcmdn9saD%sa
bam7%FtUb8addsU?_dm81703fsrncnsTC1adtimDabtc}1rnnsssmnT7T7__7
}1_1nn1_c19UmmbdDnenafe88as}mc6t937d{Dmin_s07Ft_UdabrnUb701a%
}d7_msa_4}nma}em1cT_1nn7UD9smsr6ab9c8DFFi8}ns9%cc1n917ftb8mna
a1tdUbccec7na80afacm9d1_nbnde}}6bm1mnme81_cen0s}crb4mTFsaci8r
crs0bdntamsUds4C0fs71Dca8betdmdras16TdDn_tne}ae_n7}r90dmef17c
Cs791ca%t_trDcbfscen?8b8csdT}Un9asne4Ddmrdc1n30{m%}1_9mscm6n{
189naTranddm4cffdDmsa7mnm_bs1dD9an0}1_tnser0n1ntsc388nb7s6dTU
1s_cTadt64ddmcssna}nn79a81tadCcma09cr7cFcn4i}61eTsna0_m1140DU
m_U}1mtntcaUsd681U8c7TDsdT9aneacbcrm7aCbs}8_eiaa80s7s9scr481e
mcaU0tmbt}c00nsat9amTd}s977srbm%cb18nb9e31aUm1Ucn6_ds1rsicn0T
an17net0m7anm4dcc1tFsDr9a%eean0snsbad16bcUn8C_Tmda0craD111}}s
arUUdmcs1U9n}s}0bs1bnena_datfn8bcc8e8_37s88DT0ms8ns0acfC7i1ns
}t9nsn3tnaasa8DsUa94386Tnb_bm6a0tm0d{nm}e1fn711sT04r108e_i7_C
t?}1e_ssF0n0casCb7mm1remc70c411aa6nU7d_e1btf30nnaas9rTsm?e_8a
aamad1n9nm}n1am}rcdT30ebC7sn97_1mdsnTtd91_cdcm7na1U80ans_80fe
at9n1nn973%TcmT}aamUtnm9b1tn_10b8D}1da0rtn9d61_D7eFasaas8Cb00
c1drtC}naebmUbads4eDTc1as7n130sf_1Ub_mcnemm6c0afnsbsaa1s}mc89
tdtd1}rman1n60nnnc1}sa97t71is_sabcnc7m_itbrss0{U8_Ca}7Fm9fsef
ta_r3s8as{904101maa6srsTc6dn}mnc971mn8nbCndnerncUabsdf719}fsc
s0enF911sUsesa_0d8{db}18anst8m3s01077c{s3a6ann11c0m9ra11cnfnC
%8as7naU9s{m}m091dc890astFc_nU?ddmUde11bcnnceb%cmsm110tDD1cC8
ebecdctm9F6_f7maradsU4_ns?0n7bs}0C3_0c90ncsm%1%naTaTsD118e49a
8m_}TC1rdcbc9draedmsU0at706a100d{nbsa1a}nCdmsaD_eds0ndnc7}3n_
%8ecmcamncmrd77sb0t3s1Dadba}1asma_n1t18rdUDbinn0_a91s_s6c7msn
7{eann1n11109mdse8UmmnabcDefcU}7U8as4ecarTmc61n0tsD7sf0fs1ba1
md_s9ndn_1dtnU0cbcT70UCea0sa8sD8s}?1ndmec160aF78n8cd1trmbitri
ssasUeb8dcnsmmmfam809n1_ndt7_Cab10ts0id1%nn0d_D4ndtDr1c9saUcr
8csbbm1tcc1D0mmtasrn1Uc0C1}a9es{__9fda4s6s?aT9U0cnd1sm367cece
am1d98196bFd7a3Csn3mmbds_m1er{0en0Fn}U_n}18}1_s7ncaDat_es1cna
1ds0f1e{m1s_mDnrdrc40mcan1a8T_bs37mn1acbtcs}88nnm6cT7{1}a1b%U
a7b6ds3_s0amUc8cb1nm{91b}ds9aFd1mCs0D_9a?ncfi19rmrn_8mas_8s_c
ma_d9t8dnn0s8cn0maU8U7aU3c1efne1}{a_t}scD6dbbarmeUD4dntm1mfnm
nn}68%DTs_s1nsC91nc0mni7n1t}0amars1am_ab0D}cb8nT7d9mt0{_4arUa
D1a}{_emUbdc0a9m7rarn_atU11nss7aTnC1%acnTdssf9dcn78mea0s}0ad0
_1U9in81cm_da80sa0D3nsenss87b{Dtn7nardtb_cT_dsa0acF10Cn10b}1U
8bdC6s0_n10e?7as9s1damDeT9mnUn08asa0ds74_Udndn}0at11a3cr3Ucc%
1m0s8{%011na10390a1fcdC9antnmaTUecn19caa8str1_bc}s0mne784TcsD
9sn30r{8d7b0aDa7bDac_1m9}dn18_d0m19t1nC}?F1r1d1n9_s680bc9aU}c
n78c_7C10Ft}an8mndf11snTtndaa9m9abarcU}m_aU9sda9en1m4rres3?n0
7C011si94t4DmtnTr7m1sn8Fecbn6d181fbamica}rabcUs1an01ca_m3c7D_
}cf1dmst9f1dU70n0e0re_rD_t0n8dmsman0TddssTsTdrt6Cabaa8fs0nca_
cm%sTndad6}78nm0bam9c?r7mfdUC3D1ismrn7a}ss0{dn0cT_asnem}emb81
a?ae1nm1%7ce0c616T3re8s94dm1Ue0b_Dsbm}8ctn0aetmnan9{nd7ds1c0d
mnbem0eea3119910nac8sec__1tU78m6its}1bafcaD7dmr10a_Dcn08_Umbr
sc8admca17Dsecm}s_s96ba1?Trcbe7b}n4nr18s911sTd?D{d%da0mmnU7_n
n0ba_Da8nD09an8}7sU1ss04tf16acm_m_TanUm{1dderd7sc8r9Fcn19D18n
adnsanadcd08DU67cne_s_tD}mm91aeTs8r}e6es1rainac9T3mmm8%sbbn40
bnadeb7UfDame16rm_ss8aa_00T7rc}16dtasU{_3nT_m17?sas9fdnn70m_1
b1}asa80m_am8Tsn7_3ac07811c9}bd30sac_a4Dnmn}7srcn{ddsmU69t1b1
rn%81nnedntFiCTs7mUDasr_9m1914s1m87Tsmdcs1c0da9ddC}7bfn__f10e
nsefD?asra_03{tcTm8_ae1r{stida1tm78canadU_00nmcs9b1Ds_isc}n86
1tdt1fa6_%7a1Dsc0}9nrasr1mnn{Uascbnns7sT10t}sd00s8em1%_T8d__n
0909tte70abcUtad80csmeDUnnc0C8a1e_71bnndd1mn}_snea9s1f61a1c7s
dtdmi9s6Td88ss49m1_saccmD8s4cnFC0e1tn87ca8_nr81r1Usda0_a0n}te
sUnbmac9n6{dcd{ebc1TDf91ae_4}s_10sU}9as83amsCsir8n9dt_010Tca7
4DaFn7saCad8f17n1T}dcsdan9DcesmUn4nTt0s8bs1mmUDnm31bc0}sfaa_c
n1adfn1_r_1_}m11nsa189}s{}mtC70asd9n1nD0efns_caa3n7bsa690UTme
10s7ds{1c9cTd0s%bnUmta9n7109ratdaens1Fe_Cb06f0cdnDa1}c_nmU1ms
cse?a898dDsTdsmm7nb9_}49U104am0as6snnsD_nmccraTdaeea1tnresrcb
a_mcd_dmnn8cm8DFCm_Uf1CdssD_db0tr916s1a}9s3n4ra{tcbasncn0a8c8
n_41bdCed0n_annda8ca{1sD_as9irm_snc}1C0s669r7f0FT1n7dTmUm1d11
79b1nrd69a8m1s7mcDm_{{641TsesUt48}nTfn0c{s7ts%dc1FU_tnfncdant
Ud8a8nnsa}d?eTCn0a81m9sc87sbs0s689sren{is%44a98m89m1n1mD7{}Ua
1dbsrasa_n11{1cac_mt038091s?786te}a0mdtscdasD08fi1s0Unnrar}e0
_c1}TbsdT4CadUtad1_nces4is_ab08s8DUn?a9r96bct8m9fba13m?D4man9
dbesmFccfd9m6_nts7bb4t1ra%cU9dc_D88c_mdacTnnam0assneDn0d0}a1f
f_s0aF?baaab9dnc_t4UT19adcmds1nf{0Trmd0cDrm4_s89%}ae3a01dn6ms
inTb14aT?1rdFsUbcaa6m7}d{D9mFn77701D9nbdm09amTnd80c1sstn}189e
dec{nmm10bcfns0}88dsnntt9t9rbaa6nm7D1aeTd00c0af17?1e1U8r4n9ci
_C9aean1d1cTa_f07ts}ic0c}mD64Tar?{7Dd0sU4a1}n{10ssFdse_cbn8Tc
}en7r{s1sd0Ubs37a0sT8csrateftU61a9nCc96m_e4d9_neaD0ra3_?m1bnn
n_cncsnU70ss99tT071s3cnamd1adDd1sdmDa{T0dnairb}}n1s?1nmnb9m1m
n0}r1Da41csC7Fra_}ce8mn6rer9eb0mnn17n17a1U3n9TasUmdbmn9i{rs30
7nmb}t8dmca7n0rcfe0d{81s_Um0naaa1nsf7DmcabcmC781_Css197ee0a61
fedad364smda0mDTadr9sdrt1cU_8s}c711sDrb0sCn11tnsc_cdfnsbema01
_r?08a1eaac1D0fan0}adamn8Dcdrs7}1_t4ccrbnU1cd7mf881096ns%0?a9
nbn0m798a4at10cs618sdnFnn831sDtbs1arn}U9D7edd6ma?rF1}C9c0iifs
a0m118Ddms}17s_ai4cCsansU6m01fmtmanmtcir8fc9ad}scD_encnnc6bsi
1t0Uneffma9s0a7asafcenaCasTs91%a7b4nf_e8ssbi}eacnmdr8dc1tdUD}
68ecmsac11eCt0a1fs_7a9nssa_U3icr0Dn{9__sD1madsrb9178}csd6d8}t
n8s7masa16DCdf_d9nma}em6as1C80U4n0f0cdnnesaFs1ctT977nTc1?nr1a
bnna7dcmU3sm_39c1cada7}0r7Tcs6afCtm%ra{0td8nc9_487_s11seDsU17
_a1}ea1anan1amn708dnmb06nsm0mbTs1}7D{n1nscr400T03dcUtdCdcD}_n
Uca9aT9ba0en9c81esnn%?}701D{9mbnm74n08d3dr6d{n9r8sdt8ets1n}fa
ns301D1n}17?7n{asbbUs8e3Dd7aTe96a90sccas41bddnasanrsmbae4dds_
Ubfn91nrF}snmb8m1sc6sat70dc88{mC1bs8nnTn1_s60sn9men?_i}amm0D1
rc1estT31aen1m6na11e0_0_8D_0ss{4btsn{9cbas}7m080s?U1rnmdm9cd8
6?bansferTTn98an1U1stscma_{U{Tm7973nb87d8em}81asD10s%m00d%0n1
n6UD1e_rnbna8ssc0sF}sasCraatsTmnccD?fmb81_9bt7d}cn91_8a1Daa{1
ctC71UaDsmt_4n91U8T8arcbnm64}n?nFsaF3acmrmse0e0s90aa{_b}sb91m
atT_mafaTs9cnFm6Ud1ed4s_7i?1na71bsn}db0m4%essc07{a8ac_1ae7rf9
tDrba068sD707{a_948ns8csmnc?_ccn_emnTdUb1ssd{18nrana81T}meem0
d_rfcDmndDdsttU8d109m_1617n}adba8asn0FmTfc}1_ara_e}48r7ces6s_
T6seC1esanas0fmFs1?9irb?dn9acmt1aU_se{}aDmn1smn_ns3}98b0a8077
m_fan1s7tm8UCe_f7a0s1ec80bndndmn}b60sD?rsaDn}9bean{_caF}r71T0
e9b91a10Tdrm9rD9ts10a786af1sUU9esnT80nb_a{sc1C318a9an0}imcsmc
_{8F1UnnsCn7Dsms1aaa3n8c1sad1t_{st_c7_rsamn9}8bn1T7n47t6U9s0d
7Dn9ss4n8nss1c3mem8c9ee7r6af{n_F_CaU}s0Ts}bna01T7ffeD}ma1b1_c
bdec_1ttf8s3a7nF1cCscm_mFs7T_1sm%{csa3dUa08?bi%1nr}Un890_009a
4d0asdass1cn9D3cm9eaanem1Famn03cTts?DU6bnardcmnet9e_71}08_{47
0c879T8cfass14ncm?tcDm_a}ea_96Uac0nn008%DTd1ea1d4s1ccadirsand
77_1n9a1Tnrcnca8Te}dsmd8U40nbs%0t6Fs019af7a8ncrc18a_m1bCDnaid
8cd4}_1cm8aeb7%nD90camT_{s1{7}mf7rnaa01cmnnUa19s9rcabTns1sd7a
03}mnans_8b994an70}ssacT}dtcmsDr0nni{eT8ad1f81Ura91d7stsdm7rD
a80Dd0cUbnc9t09e91f1s87sraaTnaDmnTne_msrbs_8s0fnsrfe9ac7sm9}_
a9arcmn6na1171d16san1r9TdasiUe1dbeUetD109rm8Dn0sTnsm}8_n7e1dt
d11seT6ss1}a7nb8rUc%C08mm{nUfnebDma9n0e1s7ab}a99raec9c8das0?_
4s1na7cs78_s_bc__Fn1aD{1m}7enfT9411_1fnbd70r}aUrdmsmDcmUtsac9
m1T_b6{da7snnc7rsss7Dn9_fUdfFadni88ta0e0?C9mr}a9mnDd04n01sma1
t1nTFs80t0nFUma1mnn78ad1tssbma7}%bTDa1d7dab84Cs1Fi?a9s{m6f09n
cd0bb6ssct30nm1T8aemd_9770naDD1Uirsm9d9U_1e48a1C800}Ta7_scnba
Cd76s1d138ss}F1t_1s7b3mnaramn9b8c1a_0n{sn47fdeanbUTascD1am4mc
e0aUd9nTsds}T8nm9s9811nr147b811c0D0T3anaTbaaemtbmdd9sts1}m81c
enaatsb40a7amssntiscr4nd7cC8}01n_}dUd1imd4e7dmam918{1Tes71cbD
4s1cdm6a{msrc1mtcDe8nc}0eTb1_D9e7FsfT3sUaC8nainda7ac1_0m}{sn?
78n}s8}sd8c19cU3m}Unc31m061es1_t0aanaTmDrb0Cars8a41cn9_s_fesd
na6nd3s_Tbmcm_7a{FmnTn891?990aCDm0cr0sd1sfd9a1dtUc8d8%s11m}0s
a7_mT09nd_mma3sDsca97d1CT_ic0t61_aDd}bmFn90}89a{rb70bnt1Usnea
7a000csrmtt{n}m1m01aa7?bCae96d1}c8aUb9CT1anDs9s11dd1sasn8c8re
0smdD17aae3a9abnb0fsat{8ssa}?cramt_TUn4c0saUdm_9mr61%dsn87c3m
_7msDCFnrtU9n_nCc}sad11b71n3088?aesn8sfm83b1anc49a9cce0madT0U
Dams1_sC}dU8f48a79ad}as6f09%D11eb0dn_?7nsnns4rctni7a11saedt0e
_8T1C1s1T7a09_8sscscdDd{816na}s1n}49{cs1a7idbnnm0sUm}ma9a0re0
47a18cesmm}bmb7UsdD87ena1T8craTn6T0n1989dCsnsat9{10sr41C99naF
c6m7Te1cDb}1n7act3ssac8nnt0dbm8i_s3andem01mm0Dt0dna{ean1sU31s
s8cf1701tsn0d91%csm_7mb4st}da60Unacn_se9bdr07sccaanmn9C}_s{Da
798b1__aTem}61dcsccb_91n{D4t3U0rnamd}87as_9an01D1TsdTa0sCrc9a
0Ti83n1a6U7ns0s_smc9ddUnbenratU0na}_9T0_8aac?scnne7s001s0e1m8
90e1s1nnn7CfaT1a{0n0nen7aT1erUmfiaUtmas?sanccb9cUTm_6a_}rbt8n
assee807iUts8c_ne_0ncddDe9a}_6cT1sb7c}fsn9meTrcfandd01n3srams
nr8cd7_ansmnDsa71m7_1nsFa8ndadFb7a6s}mt3_t00cam1f01{f1U8a9mUt
Ds1dmU1TnnFamcTb8ansm8n39t81CDa}T_nD1na{aassUsf8_r00amddc0nn8
1m1?0baance00asbafU1TUde3idam7n8C{rrs8s_nt96mc1D}_9Dn61_mba1a
C01}r7m1T_1Fn8_dt?sa9{absddaasnT7UnUT8na1_6rmme9cD9sds1c}8011
Dncn86s47m1b0TsnccmrcdCUs_c_sb1?F70_ddD}a8{sm3aaase3rdTecsb19
48arUacess{aa16n7mb7Dn8ncad_me}ddcrnt00a1csnTccaaUtbc700d3%C{
1s08{b4s7cs7sa}8caarnf1m8b9a_a6m1rsdnn7T9n}ab6n740De{t_mUmTra
d1cnbUdt1cse{_r07cf0s19anaeCa{U0T9Dmac?_%4}saer8nmmdnssDmcr1D
r6a03t9cs}ed01Dnfcs11dbn1aTbDtr9m0da}a7Ucc7n_ens1b{9}ns8ac0mc
ta79e9481d1116{C3matbracnme1d_s_0ds}a9Fdnn_sansUmsm9en9dT0s0D
tma{a1nn1Tc4cD_7rds1Dm}b6dne890ctasas_8sntDi7_CeUmsfnabn0ra7c
m1mr93{dct0nandn4c00869701C}mraast1b6e9?6m89scDc}snFdssnsfUms
}9n3tmfa11m0rata9mas018me0nUfsaa1snmed?c0dsD6{8rbes17ceT1mFd7
aDmnad1metU9_8cc1nnec7n6scas%t1csssCmca1dds1enn07t01rUsndaeT}
1sfand0an4at161_b}4d7Unc_b8d3UacDftCsbs8rF61_0m_908ad9}Tc10s_
cm%60n7tbdadn0Uc7en1me9rs91ssnm{9cas8aD_34DaU_DT}rda1sins807n
n{ne0c899}sb931a}eaD1731nmmmc_ds7esn0ta6cs7m11n18s78_s6Usrdaf
nbs_01UU7b9cd18Da7ran{1sn0t64Cbn9a09emafena93dec_1cfaasn1s}dm
Dd1s78%sa0r}n9mds0fmaba{nF469see01cm6aCU9_380sne7anfsa_874bm9
U_11m}b91mc3r{n0as{m96?}ms{ad0Fd7_bsma_adrretiab7sdDc70n404Dn
s1acan1d_78btT6ecen910mUn010}8daTcsemssa{i4a0r?tdfb91C0D19r3c
as3__Fdam9{nDba094rdas1esamcUcT1cr1e0mCfd1mnac}d1_{ab9n7tsdne
_rrat0n7bm0ds60sa?0nm7d7n34{a1m0asbn0ts81snTCbc49bsasdaaec1Uf
s_a01rTnDU9nss6Ta6108e47F111r}D{7nbrs19ts}ttcmn31F1_e80ma{Tsc
d_n0}d7nTe_c17cs9maa0n1d4e}81aa1sd1bt0Unfnme98Dba3C7r{18eDn40
an_Un}ts1687ni4e_b}d79dm19UdTmcma90_ncrTbare9d_nss1Dac8000n8d
b11n}en06D8tearee184_bT4?316Ud19U}aa8nn}mecd1brsasm0D7dasdnT0
es6Fb7d1a8nncF0mc1980sDn3rcm?1_7C3DUsmatTfn}{8n19ba3amscFce17
18s1d0n6UcTaCa1TFa7b_01s3a9s37snfc}8adra1Ufinn0nD8ceeb_m0191m
a8Tatds3}1mmT01Cd{D1c4nd0nn03ad_tanrnc88bamcss}dD6bes1t0snTUb
7tUn{n1ncs7_Tas06fcTas{n8rec}ndaaa90a_fbbnadadme01m7DUmn8_mC9
dt7ndaa}?}e6ms81rm44c1sdcr{teda0ns190bca9ss1Fsa0aUD__1mnT}}17
cnnrm017s4btd6Tsmsnecn393Uam1{U09n1c78enaa0fstcedsrs}9nda7dd}
aa_cbar1T31Un0cUt{0_dnmr88sbnD80tamndsre1_}_d6ds19nmnadacdssD
ct6nn491n}ca07_e7b8ctFsfmcnc}dserUt0m1{sa0719sDme0a0mnad_0cid
d_b0sr{a?T8ccmnt81s7msn_dc1dm_}7scsbe0ram18naeDn6a1cDms3Ut0a}
9n0Dc1deaei7mU{}9n11stCa0_eamfcdTansta140rnn6f8c{411bbanmtnU_
91n71cb91ctnm0s1raTmsbr1a0n68aDsU381n_sefe4dscUa60dm}c_0naTs9
_FFUd}D_8F{s1aU10bninssbd14efdamaccmtCsadt3801sn9nd9Tam0n_mnn
_}td1a91479?s_msdD9csfndefia7eCma0sD81bfnn001}Dnmnr}8t1Uae4_s
6maasdmnss1a?en{10UdCD_1dm704rtm}eafcasadDm8snsf11b1a07b3?msc
tcsd1nDds0mFdmreCdn1{a1fr9b4}1snaem7_76t387aFUDUsbdc809Ub7nn8
dm}nd0tCnar870a6aa}sm_a1ss9CT640smbD1ct7rm7sndD{7_b1}n8nT1U%e
Dnab9n8mDm1046sars00d_mT9sacrn_9{C}}aan}Utcsfd04r3d71a3bUctm1
eU6_as{arac}ssCidmmnm3bncrFa91nD0cr}nd{_nb_8f1TD3as8dn1Tse?0d
Tme7170c811}dU0snsbUn10ma{asm079d3_t6nce_sbnDs%a1948d71ts}8a0
{89b}ncfbm60b010sdt1aaD1dU6t70canbn974%barsrmn140eD}_s18nT7es
rtmts{nns9c71U7_ddFdcdm8s9}an8nbn1{117nm6c_abe0Ts1t_res1a18a9
m711?an0s6mdsnCe8resfcn_4t6mDa_a3d4FD9s1}fcns1n1mTUnrs0b18e7s
adn}01t0ss4c_91n{r90aT7ntccssm_?F__Cdm7nn8ns1afaUa3bteT771{sa
d?1caafdna4Tt7mssm1_17}eU1918sF9DsTbna806b33_8%C0ncdrdt_a0_?}
1a1t0ase7nnmsatm70rmCscn10a3s17mdn1}9Tf_18_nc9seU_bfsDr_mT60F
en0cdsnf6sm7a1U9{__nm98e8adb4be?aim1accmCsnaars0e}r_ndF676n_1
_7ina69rmn81an?1ssce_bTmtcfd9_m9CaUc0dn80tD}0es7_m1sa0sdc1cms
1d0a9Cncs6bm814tTUn01%amm0d8sD}0_scaaFc_dnca70{rnasfn1t1am9e}
eb?nC704a7%a6mntr0Ta1}mcab1as8csmm9caFi}nrm1ss{c0a19Usi0cnded
s0bsD4n1rUma0_}a}7ss43stcn6U3e1nenm48a_sa9n{dD01Tt1sme_tans8t
n_nD187sDs017a%rad0Tae0903{7aUr9cafnc_b0m0_cn}md8aTmnctb09nUa
c8_C1r{8cdb1sd0_a8tad3s8}6}s01999maU}fs693n10aT9a0nt17mmnDmes
aa1snd6rb}amb33s38Uaf8b0rmi814Fs1ndUd991d7abme81T0tceDTnUsans
1Cabra7U78n%c1n0cD7in8U9_00}?n_aCda11}11T9mce{a7sdsaCast}4dm8
8md11n1e11Dccam_Cbc7U7tc_iesdn{s{b11816}maCTs0sedbd9a40rTn9as
Tbfba}sr_79}8sd1mC8ciennm{7sD_td91d?r8be_U11cn}naD1ema67csban
rsbD9ibs%8c0D31manda}d8UC9eam18ecm}ccF1n1sm6ddT7as88n718?nn_1
9b_Td70mnU1ec}?s9de}7n3a4Ta19{mdc%Fns_e61nfse3nes8rbDt1ct07a9
9cCm1dt{fsn081ebai8cU0rUta{aD?71_711n8irnn0abdn%dtdss}ncassT4
am1Deb7sca0a1ns14ene9n10c4UreTb0a1Tam7sc9C1dasd9a}}eb6rD00d7%
D1n7ms6Dcnsbe7Tm0?cam}d8a7ad9s11brU0_1s1rTm{a}n1at1n8s?a8t{a4
aTs7aF}9rsD118n90sbsF9ac8De}_d?an6mn87UsadU88a7facadsmsm0d036
n10dncss{dccmUs8ncm7_tC0anba_nDTd7D3ss}d1_6_Ts4mT9411c0s9brFm
mfeaTDa7a8Unm0mbD1n1e?0s81_r1_t8t_{mcs0a1ddn}afssf89cbs}anCn1
abdDn1a1bn0sm3%c7f1r1Uatcf8m0srma9Tm?nec9nbd91sda63}sr_s_0%7a
dcdn70smt8_ec7Cb_Tabnn13Tfe7dsssamU81s9_63aner01nba_r1am}%8{r
9ne01rCmU3ras67nbntnTm0da0Dinb{e0s0Ta1dda8{b}Dfmdaat11bsUstc_
FtCmm8ndsssa1Fmbdr{?sand9rsT_U1be0{UaDi9_m0mTcaacsn8mcn1_8C}}
_bU9esbr8_mr6%d?sa6bac1dm1Dnarn7ea0tc7a0Ccsas9DUt}sn}r_T19cnn
Ua}4nacbc_e9ssns_C6damr_1}ddcU1_n9ssd8bce}Fdmsta49TsiTDc91T1m
0ee_71a0ne6a0nn48sdsd8t9smUmU1Dseer0nmT}at8dbc{s1nC7a}eFncc9a
9n?si}Fr{tUs9d86D80Crnrs78aDman_m1mn148}c1sUTd1cc1ns_70a3dt1a
Uen9r{d}3T_cs1?9_m7am}F_s110s71arD8t0sdb4nnmmaf1_ne8FCcn80}d1
nnme_mnTr8bct}afb1s87Us76edca17b9n3Dm7t1s71c8as06}n_aFmF0s1dC
7_snsdanf1nmmresa1_Da}CDrb_d9_nm0_s0sFUnrancn0sT0bm9a86ea_99e
a1s0Tce8sFacsmtm9}13fDUDa}m1Fdb1%Um7m3Tr_ct}%nfn7ac9e61s1{1nd
cse7cmsc081mr_1b7{n}dna}T7fsUs9F918t_dad18aam1naa0t4?DTsdnnsD
nsc0sT1Dn6nDs1n1can7s7marnb_1afr1Ts8cm7ma0UCdf4asts8F9s}m_amt
sbcd3_Uc9nscf960ea{1300_1Cbc78m}meF078f7}f11enbncaT178es%iae}
4d87Taan}4mbb1n80s{1dnma1afca081}9b3a7?rmn}cb97ca6_Ub0m01emas
0aa00Frn1Ts1767ebae1Tfca09nsCcF1D1sms9c}b9}1maisUsCaD18t_mtd8
98_adUrnnb?baea0n9%t7acsCr19a7s_8}nTn4s9as1n07acct3sdfsaa6Um1
naDsdanst1%dc61aa_6CsTram}F8_91cc8bc?st7ndabmd9bDT107a96sm}U1
dm0U1mdns8Unrsa39n0Ccs00a_81dsb6{snnTt7}81U1macaetaar4nT_998{
1na_aanbadfc8b}mF7sd_a8nc7mnUUa031Caetn6TDs18}d1mD00scam{Tn91
bUDm9abab1Ua_Dmtscb4s0cm0nc7anct8nad1daen089seTCrednFsTies}16
9ada9d0nta0{mmsannmUa{e10edn10}nseen1Ts4__scms73cdfmscsrb87a1
1De{ntirsTt1bac}98acc68F7C9saa_1fUm{88dcnsi7Ca_bn1%r_ns0fnaes
afdaam74brD01n_9t_F1md8{U{ndUenf010ss%sn0}dsis9tsT88aF76abmrc
m1cnmifenT1nD{3Ue090fdsdU3bCm1a8maT0}aare_tase_t7sm0mmea9s1i8
ceasbbds7s0cas6_DnCanc1na89}0_}mmemt83Tds10n1Dmadc0as_U1r0dn1
d181DaUb_t{1a1T}1bdesr9087mcasa0}mmtn60m7e1_fa7CDa8ac9Fc{mr71
as0rc8e?_U78r0ts9161b}7Tm9at_01C78en1nban7aaenfDUd39Ucfs6ncbm
}a7dnds9e1dcrss_1081103tUatc708asnn17n88radamn9}Ca{8a0cbDn06D
e8bs1sD9b41bnaU0r47aitmC_m1Cs91dan8cDdnafd9nmamFnncmc6s9ts8}U
4a3Ur0D%8_{Tdnbb4r1m80n9FCaafa3res{beass%1c7%si9a0c1ndD}nenma
d311nmnDfe1aan8n6Utd}b99}ssDm0s9U11ms_0r841b7nn6dtTa80?%cFT1m
acfnn4n387C1s}U}a10r__s8aa{3ct9ebm_1db1mTsDDdfadU9a6m7eces19t
a8mesdac9aTe810}fsns118s960Dam%ta780}_nCcrm7{smcd1cU4DrnCt_1a
Cn8_ta99dntD0cU%b6ac83d30Dde4mT_c1asaTfa7ibsnns1ss1%a7mnm7i_s
smfsedsad_U}117csbDbac%t0}n{9e879ra1amcs0cmnf60?aDa617e7Ut3Tc
as{tn7sdns_06dF1Cc898d7sfm1n0nUesT7cd%m9}sc09UfD893sm1cnnarra
a13c_r7_TsnU03cs816s88Dcrefess4_rn7c8}eedtmt0s708n9dasmfn1mta
m3cbnsaTfm}rssdm1Ce19sn8{7smedc7Uc0}}}tCDem8as687a4m0{?09dsT1
a8_7001r_adD91tast8nn0}Cnc17Tfs61da8s_49mdcT1DU0am3c%mdma6n0a
n3fesasds7_{srai1a0tmb_c1D0bnC1U7t9c_ec8afsdnn0ns06an9m{c9T}d
tnr6nc07ec1nnssCD_sUd73T7ndbs}8n%sdTee9mi7m1m1d84a3cmDe0rcFaa
ss81ebnn8}F9e1T9d1a?_fDm18mn9}taenUe0n_aTd6arr787n89nbd1?sdta
_0UUm6ns943s_}Tbedacracm7e81_d0ca1brt1fm8nn4tn{9t19}1dcn8a0as
mc{dm}nbrn7te3d%nc1?mce8d1s48Dn86e1ds_0dtmdcss7a_7cDsea0eUdan
mds_aaTn7Can}1d9as6ns17s80tmcm4893mU_adCsUcscrmae3d_b190aaD88
an}a7rCnd06_978cb01ancTnt8csaUa6nsa4ntr{b00dad0aF9781n1T1m_a4
0aTm0mcad19d3{713se1dC9dDr6b9s}Dcba1icTan7Ure1nm9ca38sn11n0sa
0160c_e6aDmt1dd01nnFTe0rm7s{9_Dn}7bmis1b9cfdmd1118es8UT}3dcan
C18asn31sdd1a07n6D{man9aUand{ema4bc}rsbnc000133e}10m_tm8df9Td
}TnaTcrar7cFb8nc8dsansan9bc69d90s8sa_Ua}{4}fi8etasbt_am1m17cm
ca_nca{d_nc00nabc9a80_99D80tn}dUaTnd1eT1s{ssm0asDnnt3bms}m0d7
8?s}cb96D_afndcns7nnsc1mem4arn_9_a79eb}{s3Cdt_7aDma1eT0Uamf0s
bn8btmst1a6TfaTaU8m9reee}n_m1ab0CfF1asddismme_1{1ns1d8c?1_e}9
d41sC86}nemTUa89sn9D1entaatmdasdm4ddnf13a17mbneTbmf}mUUf00a9c
am9n1mn8ab1n80e0mUDa}_nr1D1}4cdcmt0{ba81nmFi9n6nanC70}cassbs7
8e7m89n8entFCs0n11{e6aisa1_0dm1bc0re1m}asUdrra9039e_9am87_ssD
0}sn1s888sa{r{eafmbdnC6nann7mda0mact71b9}fDmr3n0}mbdstnscs9U8
0snsCD1nacT8_s0m6eedia01dmdc}sb9T41Un73Fr_am9etcs117nam?ar1?c
cdnaT_1a11Us6971sn0ba7n3ent}rD{ne%n1ed?s6{T89_8809Tetmsnnasam
UrDn_cs1Fb0Tsa11i0{n}m1Tm1ntn_nt}d0?aess1dds0c_Fs8a94m6drma{s
{a03a_6_sT8bamm7nU1ncs99sm9F0nrnan4{ede%f}cdr70ctbC1mFTd1acn0
1d9n13amcsdsfb9ic{c1F0UtDd}0mn0a}Dfres7s?a_7e_ndaf190U8e_T_ts
C8sas_}aFm?989accDn10cf{_d3TDadd110nt78n4n6mem}1n7b47srU4_e_a
_3dcF0mD0c{U_ssaan1D8}t6ts8nUaeseba1s80s}icces81{d1nn8faCn9ra
_00samm71UtnT79a_c8amb7e69cs4n7n48s08d19}edbs?11areeD{bd3Tdr_
asm3{6raT_ecrnsc1e}1m89a0b11cUTs40m7{ad0nT{7arsUsct7F}d9nb01m
8enmmt}sUFssabm_d7caca1dn9n{c0iTnremc13DsC10_{_TD1aaab1nmdf79
Dc?r1_D}Uasadsa1tcadre6san8f}U7dnba_tcCsn_8ms8Tm93n0n1mceTfb_
9dsb}sTbm9377nm8aafatnDtamUn111bad1e6a_rCcU_U{19mnc6a8ra1dm81
UnsF}a7D_4rUcmdsm{9esmata808m1104D_b7n%11rsm18nTmf76cac9aT1de
8c8d0n9a}s7a11idessTcUnmtrs9sfDdfn_aen4m44b4cad6_n81bss0n{{ne
8m0nf146n7nsat9a1nmm08_aa1in6ts80me}1Dcr1efcn7mnF}8t14r_CbsUm
n07sscccnn97119dm1am89sUn0}DsU%{16}3sd1sd89b1daa7trT71enba_aC
_b83dn0n3c}0010a0UDa8a_4m19drnsm?na1s1sCbt1t4Uessatf9bndmTsm1
n_179n11esdrss11acb4a01s4TmaeU8t8ct_f}ncTnma3s}n39U0cnsa9r7nD
dsr1d3Usrsfbsc}0mT11_1a}cDn16did8sn{e}6Uaecd}mc7ab0030n4c9b1?
aa0U0rst_?mc781cc9Trm}nsn10s01961a?8ben41d8s{nD8Td_ebsm}1_1d1
s70s9}Usfbdme1dn9rbca1{_bcsCd_a7nrcD3nsn{8c6Tcf_c_aamfTam1t10
ec1b1am0Tta37s0?9r9m%9DsFmamUtd6_i10ems87Fan}c0{U{n_1asDd_n7d
7deU7dnf8e0Uas18n1fanc1m60aD_8rm7c1nm890e71ir1sa6n9tbDdfat0s}
4m_c81a7ascsdanU?ernUTF61m1nssc010m1re9am?dnan1_sDs090T}naasn
Ds{ma1amc1Udf0sm0C6s10arDe80U9cc7dmca8t3s7}}_9b1deaftn8nbT{1t
bd1D01d1TasfUesD1mat09acadts9bnnC_}c7ncU6sbUs8tmr7n_41aea1stm
af8CDa1b7{_10r3aFTssmsCmn4Dset94bc}dT9d1na8_nc0ssmr11d66_nnmU
4m11sb87t_8nCn9d%nsebmTsDdaastms1U}1a0naD7menFcnDne{8a6crma9}
8a1r0ebansn7rbDFmm91_Dms}0ab1cs8m_e407sasan_T{aadn81{1adtt69U
n1admmm4d}1nc4mbU7dtTcnmsi1c0e1ss8c7crdF6_aeebs18t37ir8a_aTma
mDsn1a10dneTb1sn}ifaT7UD88msa_i}rss7{7d_1cmst6n9D17stn1d_mas4
94t}c}aDerafn9C1{b1scm007a4s1md0anUt81F3e1a10Tma18976msn_atn_
8m8frd1c8ti7aaC0d1rmCsmcnd6sDc14t38}7Us400scd8aeTTbsnc9UUna_{
ceatnt01s9911_bUb8eatc71n4_}fn3scasD8m1eaana%4a7_s_m01Crsf081
6n0se7aUa1tt}76nmc80dcb1{49Fc_01%i9nd89rfbT3C1nmtms_1bc3%6sn0
1mm7an{bU90dsrn1a13_167}nm90_%cs9ndaanr9t8}1an743ensC41dnUDcm
}7aF78%0canfsmbnna0smasncc7sD3mc16U0tei_0ra_74}CdTa1r{smni_tn
nae0nbc0m%Ub98s6{_bn11de019r{?b418m73rcaTen0tCa}as1n%DTaT9mdm
n0ta1ndraca0cc1n8add1Csnc{e901m_a78ts0am7_9s_61mc17TT0Unns}1{
cnt6ab8tscT4sc3710Dd8imCm4ae9a490ba1scs1s0rssn7mmU_e0enc}r81c
Dca%bma74snrc1f4_0U0nbmn9s_0cD0sm8eaUdtsss}d1reT1_a690{7ea8ne
Ud8b01asnadTm_7tn?U9mea1a4}Cdnsd11}0scr{Dcnb0febeasm_cin9mr40
6d04n__aC}Us1710stdn1F9mcn9ca1eD{ccnb_das104mr9aan3efnT89Uca7
iddaCm89csDm161{mc0e9f0n{bem8aUc1bsannsaD_?a9cs70_0asTtbdrsnf
cD1am00t8e6rU76am}CssacT%d{7n9s9cDn1ecs1abc9F00t1d38_}aacan?1
1T}r9ba_1ssDnn0t7nUec0}sdsesn7d1a8bs3nmdm1T%asfrtCi1n{cc0n6a0
sb}34r18n{7e7ssT9_aa13dasT1DsamstUUT{?c17t9n1__ine}d1mmsbanbd
Ta7dTs1CbDFns1ms}?bd1U8sdn9{1cbre{it99}80amtc17cms7drnU_097C3
89anb0Cnn74tm7e}ab0_U1dcnd9s11tds6__413a18m9esnac_FUaD_dbr7ic
4eT}ncsnaUC0de89?14aaa9m7cs7dbta}im0n1671nn1nss7inbc8D1{8r_Da
aac_dnsmUe1sctc1U4ccna6_Td1r_7e7inDa3d{18s_cTfet}}01d8eb1dU01
__r}ncem17Cmstnanb9a741naf9013_D1cs9e6b91}7{_1aD8810nfTmcUna3
DteU7db9bnaaamC18snTcmC0b8nsesd096nn4rsc}cmdcs10_3a11cFDe1ac4
n0m9t10bT1s3brd4acs16cceaadac1a}1Dcsb8sr?dU1T_8n9m3a8an4{debt
enc?11m3d4smee1t1rn910cD060a}nUenCU9ss_bnbntsc8rsaeamm7ssmaa0
{aa1tsassCmUsnTc}77bTr010ie1cndC7acm0msb1cd189ns1_9_4d08md}r?
mmsUb10aef1c1n{_10dmb?atc1s1cbs_99d78maD4t}n1e0na67sir1r1n9sm
dDncasn1_1d6sabr}sam_baccms1ta8d08sdms9e9m3eT7U10Dr9c87}s0{dn
cDm1bc}nb_s1cDni1n}78saDas}7sd4em0asdCs0ndascma91}acmteeaU_nT
sbm0d18Uea_ader9sc84s{n37e1anc}1baTdsdcDammas8stna7{1n6m1sn3T
10d180rTT9denC6}b9s7cT1eca1ds1{s?am1nnar8d9cmn0natdDmsUaci_03
8d1}17nemTFras{a0TnDmb?ccn1sUs8r8dsa1am_93{daa_b18mi9T1tsnD3n
sdcc3_6}c8_mc9san0t9DtT88m}aT11csCndad7rn40nsTm0nb_1m0m1Una1s
bdsa110nn380rc8smctanmd9Ua10adiUmm1tads8Cc}6c9ec7n_8ebnDn0ce{
aTa63?Uf?1anmt7natad}9_s7sss0m1a98snc_{0e_mC0nd8mT}mFr4DsU_%s
{mdDcb01ae1ddr_iD68sf9ac7n_m_}a9_mancd_snncU}1%n787t1a00s7Ts9
Tnbr11fTa604rcaa0a1entaa}aT_d1ds7s8mns0_UCr_9cDmms0s9ne01mbna
Dn_1_mUc10_asF_1mC8mFbs{T7ec18b173t1tencnD00bacadsn0Ues6s8a}b
dmscfn6ca1a1077tb}aC4bTc17rbc0{ma_1as3ntU}e}1in7nmse6UD81sUdc
bsTa4bs1ar?1nU9eicns}9sm070tFs1Tca6{m1f93nd_nam8e_a876t}c01D7
